TN:
SF:D:\project\person\front-project\vue-ui-1.0\src\components\index.js
FN:101,_interopRequireDefault
FN:107,install
FN:110,(anonymous_3)
FNF:3
FNH:3
FNDA:24,_interopRequireDefault
FNDA:1,install
FNDA:21,(anonymous_3)
DA:3,1
DA:5,1
DA:7,1
DA:9,1
DA:11,1
DA:13,1
DA:15,1
DA:17,1
DA:19,1
DA:21,1
DA:23,1
DA:25,1
DA:27,1
DA:29,1
DA:31,1
DA:33,1
DA:35,1
DA:37,1
DA:39,1
DA:41,1
DA:43,1
DA:45,1
DA:47,1
DA:49,1
DA:51,1
DA:53,1
DA:55,1
DA:57,1
DA:59,1
DA:61,1
DA:63,1
DA:65,1
DA:67,1
DA:69,1
DA:71,1
DA:73,1
DA:75,1
DA:77,1
DA:79,1
DA:81,1
DA:83,1
DA:85,1
DA:87,1
DA:89,1
DA:91,1
DA:93,1
DA:95,1
DA:97,1
DA:99,1
DA:101,24
DA:103,1
DA:105,1
DA:107,1
DA:108,1
DA:109,21
DA:112,1
DA:113,1
DA:114,1
DA:115,1
DA:117,1
DA:120,1
DA:121,0
DA:123,1
DA:147,1
LF:64
LH:63
BRDA:102,1,0,23
BRDA:102,1,1,1
BRDA:102,2,0,24
BRDA:102,2,1,24
BRDA:109,3,0,0
BRDA:109,3,1,1
BRDA:122,4,0,0
BRDA:122,4,1,1
BRDA:122,5,0,1
BRDA:122,5,1,1
BRF:10
BRH:8
end_of_record
TN:
SF:D:\project\person\front-project\vue-ui-1.0\src\components\calendar\index.js
FN:11,_interopRequireDefault
FN:16,(anonymous_2)
FNF:2
FNH:2
FNDA:1,_interopRequireDefault
FNDA:0,(anonymous_2)
DA:3,1
DA:7,1
DA:9,1
DA:11,1
DA:14,1
DA:15,1
DA:18,1
LF:7
LH:7
BRDA:12,1,0,0
BRDA:12,1,1,1
BRDA:12,2,0,1
BRDA:12,2,1,1
BRF:4
BRH:3
end_of_record
TN:
SF:D:\project\person\front-project\vue-ui-1.0\src\components\calendar\dx-calendar.vue
FN:11,_interopRequireDefault
FN:20,validator
FN:26,data
FN:38,store
FN:41,year
FN:44,month
FN:47,rows
FN:53,preMonth
FN:59,nextMonth
FN:67,preYear
FN:72,nextYear
FN:77,today
FN:82,isCurrentMonth
FNF:13
FNH:1
FNDA:1,_interopRequireDefault
FNDA:0,validator
FNDA:0,data
FNDA:0,store
FNDA:0,year
FNDA:0,month
FNDA:0,rows
FNDA:0,preMonth
FNDA:0,nextMonth
FNDA:0,preYear
FNDA:0,nextYear
FNDA:0,today
FNDA:0,isCurrentMonth
DA:0,1
DA:66,1
DA:75,0
DA:81,0
DA:85,0
DA:92,0
DA:95,0
DA:98,0
DA:101,0
DA:107,0
DA:108,0
DA:109,0
DA:110,0
DA:113,0
DA:114,0
DA:115,0
DA:116,0
DA:120,0
DA:121,0
DA:122,0
DA:125,0
DA:126,0
DA:127,0
DA:130,0
DA:131,0
DA:132,0
DA:137,0
DA:138,0
LF:28
LH:2
BRDA:11,1,0,1
BRDA:11,1,1,0
BRDA:11,2,0,1
BRDA:11,2,1,1
BRDA:55,3,0,0
BRDA:55,3,1,0
BRDA:61,4,0,0
BRDA:61,4,1,0
BRDA:80,5,0,0
BRDA:80,5,1,0
BRDA:80,5,2,0
BRDA:84,6,0,0
BRDA:84,6,1,0
BRF:13
BRH:4
end_of_record
TN:
SF:D:\project\person\front-project\vue-ui-1.0\src\components\calendar\dateStore.js
FN:15,_interopRequireDefault
FN:22,(anonymous_2)
FN:23,DateStore
FN:48,setDate
FN:85,_checkYear
FN:94,_checkMonth
FN:105,setYear
FN:116,setMonth
FN:127,setToday
FNF:9
FNH:2
FNDA:2,_interopRequireDefault
FNDA:1,(anonymous_2)
FNDA:0,DateStore
FNDA:0,setDate
FNDA:0,_checkYear
FNDA:0,_checkMonth
FNDA:0,setYear
FNDA:0,setMonth
FNDA:0,setToday
DA:3,1
DA:7,1
DA:9,1
DA:11,1
DA:13,1
DA:15,2
DA:17,1
DA:20,1
DA:21,1
DA:22,0
DA:24,0
DA:25,0
DA:26,0
DA:27,0
DA:28,0
DA:33,0
DA:34,0
DA:35,0
DA:36,0
DA:37,0
DA:38,0
DA:39,0
DA:44,1
DA:48,0
DA:49,0
DA:51,0
DA:52,0
DA:53,0
DA:54,0
DA:55,0
DA:56,0
DA:58,0
DA:59,0
DA:62,0
DA:63,0
DA:65,0
DA:67,0
DA:68,0
DA:70,0
DA:72,0
DA:74,0
DA:75,0
DA:76,0
DA:77,0
DA:84,0
DA:85,0
DA:86,0
DA:88,0
DA:93,0
DA:94,0
DA:95,0
DA:97,0
DA:104,0
DA:105,0
DA:107,0
DA:108,0
DA:115,0
DA:116,0
DA:118,0
DA:119,0
DA:126,0
DA:129,1
DA:132,1
LF:63
LH:12
BRDA:16,1,0,2
BRDA:16,1,1,0
BRDA:16,2,0,2
BRDA:16,2,1,2
BRDA:27,3,0,0
BRDA:27,3,1,0
BRDA:28,4,0,0
BRDA:28,4,1,0
BRDA:50,5,0,0
BRDA:50,5,1,0
BRDA:50,6,0,0
BRDA:50,6,1,0
BRDA:60,7,0,0
BRDA:60,7,1,0
BRDA:65,8,0,0
BRDA:65,8,1,0
BRDA:74,9,0,0
BRDA:74,9,1,0
BRDA:86,10,0,0
BRDA:86,10,1,0
BRDA:86,11,0,0
BRDA:86,11,1,0
BRDA:86,11,2,0
BRDA:95,12,0,0
BRDA:95,12,1,0
BRDA:95,13,0,0
BRDA:95,13,1,0
BRDA:95,13,2,0
BRDA:106,14,0,0
BRDA:106,14,1,0
BRDA:117,15,0,0
BRDA:117,15,1,0
BRF:32
BRH:3
end_of_record
TN:
SF:D:\project\person\front-project\vue-ui-1.0\src\components\checkbox\index.js
FN:11,_interopRequireDefault
FN:16,(anonymous_2)
FNF:2
FNH:2
FNDA:1,_interopRequireDefault
FNDA:0,(anonymous_2)
DA:3,1
DA:7,1
DA:9,1
DA:11,1
DA:14,1
DA:15,1
DA:18,1
LF:7
LH:7
BRDA:12,1,0,0
BRDA:12,1,1,1
BRDA:12,2,0,1
BRDA:12,2,1,1
BRF:4
BRH:3
end_of_record
TN:
SF:D:\project\person\front-project\vue-ui-1.0\src\components\checkbox\dx-checkbox.vue
FN:11,_interopRequireDefault
FN:29,data
FN:37,parent
FN:44,selectVal
FN:49,select
FN:65,mounted
FN:68,destroyed
FNF:7
FNH:1
FNDA:1,_interopRequireDefault
FNDA:0,data
FNDA:0,parent
FNDA:0,selectVal
FNDA:0,select
FNDA:0,mounted
FNDA:0,destroyed
DA:0,1
DA:26,1
DA:44,0
DA:51,0
DA:52,0
DA:53,0
DA:55,0
DA:58,0
DA:63,0
DA:64,0
DA:66,0
DA:67,0
DA:68,0
DA:69,0
DA:71,0
DA:72,0
DA:79,0
DA:82,0
LF:18
LH:2
BRDA:11,1,0,1
BRDA:11,1,1,0
BRDA:11,2,0,1
BRDA:11,2,1,1
BRDA:39,3,0,0
BRDA:39,3,1,0
BRDA:45,4,0,0
BRDA:45,4,1,0
BRDA:50,5,0,0
BRDA:50,5,1,0
BRDA:53,6,0,0
BRDA:53,6,1,0
BRDA:55,7,0,0
BRDA:55,7,1,0
BRF:14
BRH:4
end_of_record
TN:
SF:D:\project\person\front-project\vue-ui-1.0\src\utils\bus.js
FN:11,_interopRequireDefault
FN:19,$on
FN:23,(anonymous_3)
FNF:3
FNH:1
FNDA:1,_interopRequireDefault
FNDA:0,$on
FNDA:0,(anonymous_3)
DA:0,1
DA:3,1
DA:7,1
DA:9,1
DA:11,1
DA:15,1
DA:16,1
DA:18,0
DA:20,0
DA:21,0
DA:22,0
LF:11
LH:7
BRDA:12,1,0,0
BRDA:12,1,1,1
BRDA:12,2,0,1
BRDA:12,2,1,1
BRDA:22,3,0,0
BRDA:22,3,1,0
BRDA:22,4,0,0
BRDA:22,4,1,0
BRF:8
BRH:3
end_of_record
TN:
SF:D:\project\person\front-project\vue-ui-1.0\src\components\checkbox-group\index.js
FN:11,_interopRequireDefault
FN:16,(anonymous_2)
FNF:2
FNH:2
FNDA:1,_interopRequireDefault
FNDA:0,(anonymous_2)
DA:3,1
DA:7,1
DA:9,1
DA:11,1
DA:14,1
DA:15,1
DA:18,1
LF:7
LH:7
BRDA:12,1,0,0
BRDA:12,1,1,1
BRDA:12,2,0,1
BRDA:12,2,1,1
BRF:4
BRH:3
end_of_record
TN:
SF:D:\project\person\front-project\vue-ui-1.0\src\components\checkbox-group\dx-checkbox-group.vue
FN:11,_interopRequireDefault
FN:19,_default
FN:24,data
FN:32,get
FN:35,set
FN:40,created
FN:43,(anonymous_7)
FN:48,(anonymous_8)
FN:54,mounted
FN:60,(anonymous_10)
FNF:10
FNH:1
FNDA:1,_interopRequireDefault
FNDA:0,_default
FNDA:0,data
FNDA:0,get
FNDA:0,set
FNDA:0,created
FNDA:0,(anonymous_7)
FNDA:0,(anonymous_8)
FNDA:0,mounted
FNDA:0,(anonymous_10)
DA:0,1
DA:8,1
DA:16,0
DA:21,0
DA:28,0
DA:31,0
DA:35,0
DA:36,0
DA:37,0
DA:38,0
DA:41,0
DA:42,0
DA:43,0
DA:47,0
DA:48,0
DA:49,0
DA:51,0
DA:52,0
DA:53,0
LF:19
LH:2
BRDA:11,1,0,1
BRDA:11,1,1,0
BRDA:11,2,0,1
BRDA:11,2,1,1
BRDA:44,3,0,0
BRDA:44,3,1,0
BRDA:49,4,0,0
BRDA:49,4,1,0
BRDA:57,5,0,0
BRDA:57,5,1,0
BRDA:57,6,0,0
BRDA:57,6,1,0
BRDA:61,7,0,0
BRDA:61,7,1,0
BRF:14
BRH:4
end_of_record
TN:
SF:D:\project\person\front-project\vue-ui-1.0\src\components\indicator\index.js
FN:25,_interopRequireDefault
FN:36,initInstance
FN:43,(anonymous_3)
FN:44,Indicator
FN:50,open
FN:57,(anonymous_6)
FN:63,close
FNF:7
FNH:2
FNDA:4,_interopRequireDefault
FNDA:0,initInstance
FNDA:1,(anonymous_3)
FNDA:0,Indicator
FNDA:0,open
FNDA:0,(anonymous_6)
FNDA:0,close
DA:3,1
DA:7,1
DA:9,1
DA:11,1
DA:13,1
DA:15,1
DA:17,1
DA:19,1
DA:21,1
DA:23,1
DA:25,4
DA:27,1
DA:28,1
DA:29,1
DA:34,1
DA:35,0
DA:36,0
DA:41,1
DA:42,1
DA:43,0
DA:46,1
DA:49,0
DA:50,0
DA:52,0
DA:53,0
DA:54,0
DA:55,0
DA:56,0
DA:62,0
DA:65,1
DA:68,1
LF:31
LH:20
BRDA:26,1,0,2
BRDA:26,1,1,2
BRDA:26,2,0,4
BRDA:26,2,1,4
BRDA:51,3,0,0
BRDA:51,3,1,0
BRF:6
BRH:4
end_of_record
TN:
SF:D:\project\person\front-project\vue-ui-1.0\src\components\indicator\dx-indicator.vue
FN:40,data
FNF:1
FNH:0
FNDA:0,data
DA:0,1
DA:36,0
LF:2
LH:1
BRF:0
BRH:0
end_of_record
TN:
SF:D:\project\person\front-project\vue-ui-1.0\src\utils\utils.js
FN:23,_interopRequireDefault
FN:27,trim
FN:31,hasOwn
FN:36,isVNode
FN:41,throttle
FN:44,(anonymous_6)
FN:51,runCallback
FN:66,loadImageAsync
FN:70,(anonymous_9)
FN:78,(anonymous_10)
FN:83,(anonymous_11)
FN:85,(anonymous_12)
FN:89,(anonymous_13)
FN:93,(anonymous_14)
FN:98,(anonymous_15)
FN:100,(anonymous_16)
FN:104,(anonymous_17)
FN:108,(anonymous_18)
FN:119,merge
FN:139,contains
FN:163,hasClass
FN:173,addClass
FN:194,removeClass
FNF:23
FNH:5
FNDA:1,_interopRequireDefault
FNDA:0,trim
FNDA:0,hasOwn
FNDA:0,isVNode
FNDA:0,throttle
FNDA:0,(anonymous_6)
FNDA:0,runCallback
FNDA:0,loadImageAsync
FNDA:0,(anonymous_9)
FNDA:0,(anonymous_10)
FNDA:1,(anonymous_11)
FNDA:2,(anonymous_12)
FNDA:0,(anonymous_13)
FNDA:0,(anonymous_14)
FNDA:1,(anonymous_15)
FNDA:0,(anonymous_16)
FNDA:0,(anonymous_17)
FNDA:0,(anonymous_18)
FNDA:0,merge
FNDA:0,contains
FNDA:0,hasClass
FNDA:0,addClass
FNDA:0,removeClass
DA:3,1
DA:6,1
DA:8,1
DA:10,1
DA:12,1
DA:13,1
DA:14,1
DA:15,1
DA:16,1
DA:17,1
DA:18,1
DA:19,1
DA:20,1
DA:21,1
DA:23,1
DA:25,1
DA:26,0
DA:29,1
DA:30,0
DA:34,1
DA:35,0
DA:39,1
DA:40,0
DA:41,0
DA:42,0
DA:43,0
DA:44,0
DA:46,0
DA:47,0
DA:48,0
DA:49,0
DA:50,0
DA:51,0
DA:52,0
DA:54,0
DA:55,0
DA:57,0
DA:64,1
DA:65,0
DA:66,0
DA:68,0
DA:69,0
DA:76,0
DA:77,0
DA:81,1
DA:82,1
DA:83,1
DA:84,2
DA:86,0
DA:87,0
DA:88,0
DA:91,0
DA:92,0
DA:96,1
DA:97,1
DA:98,1
DA:99,0
DA:101,0
DA:102,0
DA:103,0
DA:106,0
DA:107,0
DA:113,1
DA:117,1
DA:118,0
DA:120,0
DA:121,0
DA:124,0
DA:125,0
DA:126,0
DA:127,0
DA:128,0
DA:129,0
DA:134,0
DA:137,1
DA:140,0
DA:141,0
DA:143,0
DA:144,0
DA:146,0
DA:147,0
DA:149,0
DA:150,0
DA:152,0
DA:153,0
DA:154,0
DA:155,0
DA:157,0
DA:159,0
DA:161,1
DA:162,0
DA:163,0
DA:164,0
DA:165,0
DA:167,0
DA:171,1
DA:172,0
DA:173,0
DA:174,0
DA:176,0
DA:177,0
DA:178,0
DA:180,0
DA:181,0
DA:182,0
DA:183,0
DA:186,0
DA:187,0
DA:192,1
DA:193,1
DA:194,1
DA:195,1
DA:197,1
DA:198,1
DA:199,1
DA:201,1
DA:202,1
DA:203,1
DA:204,1
DA:207,1
DA:208,1
LF:121
LH:45
BRDA:24,1,0,1
BRDA:24,1,1,0
BRDA:24,2,0,1
BRDA:24,2,1,1
BRDA:28,3,0,0
BRDA:28,3,1,0
BRDA:37,4,0,0
BRDA:37,4,1,0
BRDA:37,5,0,0
BRDA:37,5,1,0
BRDA:45,6,0,0
BRDA:45,6,1,0
BRDA:56,7,0,0
BRDA:56,7,1,0
BRDA:84,8,0,1
BRDA:84,8,1,0
BRDA:88,9,0,0
BRDA:88,9,1,0
BRDA:99,10,0,1
BRDA:99,10,1,0
BRDA:103,11,0,0
BRDA:103,11,1,0
BRDA:120,12,0,0
BRDA:120,12,1,0
BRDA:120,13,0,0
BRDA:120,13,1,0
BRDA:128,14,0,0
BRDA:128,14,1,0
BRDA:130,15,0,0
BRDA:130,15,1,0
BRDA:142,16,0,0
BRDA:142,16,1,0
BRDA:145,17,0,0
BRDA:145,17,1,0
BRDA:145,18,0,0
BRDA:145,18,1,0
BRDA:145,18,2,0
BRDA:148,19,0,0
BRDA:148,19,1,0
BRDA:151,20,0,0
BRDA:151,20,1,0
BRDA:155,21,0,0
BRDA:155,21,1,0
BRDA:156,22,0,0
BRDA:156,22,1,0
BRDA:164,23,0,0
BRDA:164,23,1,0
BRDA:164,24,0,0
BRDA:164,24,1,0
BRDA:165,25,0,0
BRDA:165,25,1,0
BRDA:166,26,0,0
BRDA:166,26,1,0
BRDA:174,27,0,0
BRDA:174,27,1,0
BRDA:176,28,0,0
BRDA:176,28,1,0
BRDA:180,29,0,0
BRDA:180,29,1,0
BRDA:182,30,0,0
BRDA:182,30,1,0
BRDA:184,31,0,0
BRDA:184,31,1,0
BRDA:188,32,0,0
BRDA:188,32,1,0
BRDA:195,33,0,0
BRDA:195,33,1,0
BRDA:195,34,0,0
BRDA:195,34,1,0
BRDA:201,35,0,0
BRDA:201,35,1,0
BRDA:203,36,0,0
BRDA:203,36,1,0
BRDA:205,37,0,0
BRDA:205,37,1,0
BRDA:209,38,0,0
BRDA:209,38,1,0
BRF:77
BRH:17
end_of_record
TN:
SF:D:\project\person\front-project\vue-ui-1.0\src\components\message\index.js
FN:17,_interopRequireDefault
FN:29,Message
FN:48,(anonymous_3)
FN:53,(anonymous_4)
FN:54,(anonymous_5)
FNF:5
FNH:2
FNDA:2,_interopRequireDefault
FNDA:0,Message
FNDA:0,(anonymous_3)
FNDA:4,(anonymous_4)
FNDA:0,(anonymous_5)
DA:3,1
DA:7,1
DA:9,1
DA:11,1
DA:13,1
DA:15,1
DA:17,2
DA:19,1
DA:25,1
DA:27,1
DA:28,0
DA:29,0
DA:33,0
DA:34,0
DA:35,0
DA:36,0
DA:37,0
DA:38,0
DA:40,0
DA:43,0
DA:45,0
DA:46,0
DA:47,0
DA:51,1
DA:52,4
DA:53,0
DA:54,0
DA:58,0
DA:61,1
LF:29
LH:13
BRDA:18,1,0,0
BRDA:18,1,1,2
BRDA:18,2,0,2
BRDA:18,2,1,2
BRDA:30,3,0,0
BRDA:30,3,1,0
BRDA:38,4,0,0
BRDA:38,4,1,0
BRDA:55,5,0,0
BRDA:55,5,1,0
BRF:10
BRH:3
end_of_record
TN:
SF:D:\project\person\front-project\vue-ui-1.0\src\components\message\dx-message.vue
FN:26,data
FN:35,mounted
FN:38,(anonymous_3)
FNF:3
FNH:0
FNDA:0,data
FNDA:0,mounted
FNDA:0,(anonymous_3)
DA:0,1
DA:22,0
DA:30,0
DA:31,0
DA:32,0
LF:5
LH:1
BRF:0
BRH:0
end_of_record
TN:
SF:D:\project\person\front-project\vue-ui-1.0\src\components\message-box\index.js
FN:17,_interopRequireDefault
FN:50,defaultCallback
FN:60,initInstance
FN:68,OpenMessageBox
FN:93,(anonymous_5)
FN:102,(anonymous_6)
FN:107,(anonymous_7)
FNF:7
FNH:1
FNDA:2,_interopRequireDefault
FNDA:0,defaultCallback
FNDA:0,initInstance
FNDA:0,OpenMessageBox
FNDA:0,(anonymous_5)
FNDA:0,(anonymous_6)
FNDA:0,(anonymous_7)
DA:3,1
DA:7,1
DA:9,1
DA:11,1
DA:13,1
DA:15,1
DA:17,2
DA:19,1
DA:43,1
DA:44,1
DA:48,1
DA:49,0
DA:50,0
DA:51,0
DA:52,0
DA:56,1
DA:58,1
DA:59,0
DA:60,0
DA:63,0
DA:66,1
DA:67,0
DA:68,0
DA:70,0
DA:71,0
DA:73,0
DA:74,0
DA:75,0
DA:78,0
DA:81,0
DA:83,0
DA:86,0
DA:88,0
DA:90,0
DA:91,0
DA:92,0
DA:95,0
DA:96,0
DA:98,0
DA:100,0
DA:101,0
DA:105,1
DA:106,0
DA:107,0
DA:110,1
LF:45
LH:16
BRDA:18,1,0,0
BRDA:18,1,1,2
BRDA:18,2,0,2
BRDA:18,2,1,2
BRDA:51,3,0,0
BRDA:51,3,1,0
BRDA:53,4,0,0
BRDA:53,4,1,0
BRDA:69,5,0,0
BRDA:69,5,1,0
BRDA:72,6,0,0
BRDA:72,6,1,0
BRDA:76,7,0,0
BRDA:76,7,1,0
BRDA:80,8,0,0
BRDA:80,8,1,0
BRDA:97,9,0,0
BRDA:97,9,1,0
BRDA:109,10,0,0
BRDA:109,10,1,0
BRF:20
BRH:3
end_of_record
TN:
SF:D:\project\person\front-project\vue-ui-1.0\src\components\message-box\dx-message-box.vue
FN:67,data
FN:97,customBoxClasses
FN:100,titleClasses
FN:103,contentClasses
FN:106,buttonClasses
FN:109,cancelButtonClasses
FN:112,confirmButtonClasses
FN:118,handleAction
FNF:8
FNH:0
FNDA:0,data
FNDA:0,customBoxClasses
FNDA:0,titleClasses
FNDA:0,contentClasses
FNDA:0,buttonClasses
FNDA:0,cancelButtonClasses
FNDA:0,confirmButtonClasses
FNDA:0,handleAction
DA:0,1
DA:63,0
DA:92,0
DA:95,0
DA:98,0
DA:101,0
DA:104,0
DA:107,0
DA:113,0
DA:114,0
LF:10
LH:1
BRDA:120,1,0,0
BRDA:120,1,1,0
BRF:2
BRH:0
end_of_record
TN:
SF:D:\project\person\front-project\vue-ui-1.0\src\components\table\index.js
FN:11,_interopRequireDefault
FN:16,(anonymous_2)
FNF:2
FNH:2
FNDA:1,_interopRequireDefault
FNDA:0,(anonymous_2)
DA:3,1
DA:7,1
DA:9,1
DA:11,1
DA:14,1
DA:15,1
DA:18,1
LF:7
LH:7
BRDA:12,1,0,0
BRDA:12,1,1,1
BRDA:12,2,0,1
BRDA:12,2,1,1
BRF:4
BRH:3
end_of_record
TN:
SF:D:\project\person\front-project\vue-ui-1.0\src\components\table\dx-table.vue
FN:15,_interopRequireDefault
FN:90,_default
FN:117,data
FN:126,columns
FN:129,states
FN:132,filterColumns
FN:133,(anonymous_7)
FN:141,handler
FN:150,created
FN:155,filterData
FN:158,changePage
FNF:11
FNH:1
FNDA:2,_interopRequireDefault
FNDA:0,_default
FNDA:0,data
FNDA:0,columns
FNDA:0,states
FNDA:0,filterColumns
FNDA:0,(anonymous_7)
FNDA:0,handler
FNDA:0,created
FNDA:0,filterData
FNDA:0,changePage
DA:0,2
DA:65,1
DA:66,1
DA:67,1
DA:77,0
DA:105,0
DA:106,0
DA:112,0
DA:115,0
DA:118,0
DA:119,0
DA:128,0
DA:129,0
DA:131,0
DA:136,0
DA:140,0
DA:143,0
DA:144,0
DA:146,0
LF:19
LH:4
BRDA:15,1,0,1
BRDA:15,1,1,1
BRDA:15,2,0,2
BRDA:15,2,1,2
BRDA:143,3,0,0
BRDA:143,3,1,0
BRF:6
BRH:4
end_of_record
TN:
SF:D:\project\person\front-project\vue-ui-1.0\src\components\table\table-store.js
FN:10,TabelStore
FN:36,setData
FN:44,addColumn
FN:54,sortData
FN:65,toggleSelectData
FN:78,toggleSelectAllDatas
FN:88,filterData
FN:89,(anonymous_8)
FN:90,(anonymous_9)
FN:103,(anonymous_10)
FNF:10
FNH:0
FNDA:0,TabelStore
FNDA:0,setData
FNDA:0,addColumn
FNDA:0,sortData
FNDA:0,toggleSelectData
FNDA:0,toggleSelectAllDatas
FNDA:0,filterData
FNDA:0,(anonymous_8)
FNDA:0,(anonymous_9)
FNDA:0,(anonymous_10)
DA:3,1
DA:7,1
DA:10,1
DA:11,0
DA:13,0
DA:14,0
DA:16,0
DA:18,0
DA:28,0
DA:29,0
DA:30,0
DA:34,1
DA:37,0
DA:38,0
DA:40,0
DA:45,0
DA:46,0
DA:47,0
DA:49,0
DA:55,0
DA:56,0
DA:61,0
DA:66,0
DA:67,0
DA:68,0
DA:69,0
DA:70,0
DA:72,0
DA:74,0
DA:79,0
DA:80,0
DA:81,0
DA:83,0
DA:84,0
DA:89,0
DA:90,0
DA:91,0
DA:92,0
DA:94,0
DA:97,0
DA:98,0
DA:99,0
DA:103,1
DA:104,0
DA:105,0
DA:106,0
DA:109,0
DA:112,1
LF:48
LH:6
BRDA:11,1,0,0
BRDA:11,1,1,0
BRDA:11,2,0,0
BRDA:11,2,1,0
BRDA:13,3,0,0
BRDA:13,3,1,0
BRDA:29,4,0,0
BRDA:29,4,1,0
BRDA:29,5,0,0
BRDA:29,5,1,0
BRDA:37,6,0,0
BRDA:37,6,1,0
BRDA:37,7,0,0
BRDA:37,7,1,0
BRDA:45,8,0,0
BRDA:45,8,1,0
BRDA:46,9,0,0
BRDA:46,9,1,0
BRDA:55,10,0,0
BRDA:55,10,1,0
BRDA:55,10,2,0
BRDA:69,11,0,0
BRDA:69,11,1,0
BRDA:70,12,0,0
BRDA:70,12,1,0
BRDA:80,13,0,0
BRDA:80,13,1,0
BRDA:91,14,0,0
BRDA:91,14,1,0
BRDA:91,15,0,0
BRDA:91,15,1,0
BRDA:104,16,0,0
BRDA:104,16,1,0
BRF:33
BRH:0
end_of_record
TN:
SF:D:\project\person\front-project\vue-ui-1.0\src\components\table\utils.js
FN:6,orderBy
FN:19,_sort
FN:23,_sort
FN:28,(anonymous_4)
FNF:4
FNH:0
FNDA:0,orderBy
FNDA:0,_sort
FNDA:0,_sort
FNDA:0,(anonymous_4)
DA:3,1
DA:6,1
DA:8,0
DA:9,0
DA:11,0
DA:12,0
DA:14,0
DA:15,0
DA:18,0
DA:19,0
DA:20,0
DA:22,0
DA:23,0
DA:24,0
DA:28,0
DA:29,0
LF:16
LH:2
BRDA:8,1,0,0
BRDA:8,1,1,0
BRDA:8,2,0,0
BRDA:8,2,1,0
BRDA:11,3,0,0
BRDA:11,3,1,0
BRDA:12,4,0,0
BRDA:12,4,1,0
BRDA:14,5,0,0
BRDA:14,5,1,0
BRDA:18,6,0,0
BRDA:18,6,1,0
BRDA:18,7,0,0
BRDA:18,7,1,0
BRDA:20,8,0,0
BRDA:20,8,1,0
BRDA:20,9,0,0
BRDA:20,9,1,0
BRDA:22,10,0,0
BRDA:22,10,1,0
BRDA:22,11,0,0
BRDA:22,11,1,0
BRDA:24,12,0,0
BRDA:24,12,1,0
BRF:24
BRH:0
end_of_record
TN:
SF:D:\project\person\front-project\vue-ui-1.0\src\components\table\dx-table-body.vue
FN:11,_interopRequireDefault
FN:38,parent
FN:41,states
FN:44,columns
FN:47,data
FN:50,selectHead
FN:54,table
FN:58,created
FN:60,(anonymous_9)
FN:71,toggleSortData
FN:78,toggleSelectRow
FN:84,toggleSelectAllRows
FN:87,(anonymous_13)
FNF:13
FNH:1
FNDA:1,_interopRequireDefault
FNDA:0,parent
FNDA:0,states
FNDA:0,columns
FNDA:0,data
FNDA:0,selectHead
FNDA:0,table
FNDA:0,created
FNDA:0,(anonymous_9)
FNDA:0,toggleSortData
FNDA:0,toggleSelectRow
FNDA:0,toggleSelectAllRows
FNDA:0,(anonymous_13)
DA:0,1
DA:112,1
DA:139,0
DA:142,0
DA:145,0
DA:148,0
DA:152,0
DA:155,0
DA:159,0
DA:160,0
DA:162,0
DA:163,0
DA:164,0
DA:171,0
DA:172,0
DA:173,0
DA:179,0
DA:180,0
DA:185,0
DA:186,0
DA:187,0
DA:189,0
LF:22
LH:2
BRDA:11,1,0,1
BRDA:11,1,1,0
BRDA:11,2,0,1
BRDA:11,2,1,1
BRDA:52,3,0,0
BRDA:52,3,1,0
BRDA:62,4,0,0
BRDA:62,4,1,0
BRDA:72,5,0,0
BRDA:72,5,1,0
BRDA:74,6,0,0
BRDA:74,6,1,0
BRF:12
BRH:4
end_of_record
TN:
SF:D:\project\person\front-project\vue-ui-1.0\src\components\table\dx-table-cell.js
FN:10,render
FNF:1
FNH:0
FNDA:0,render
DA:3,1
DA:6,1
DA:11,0
DA:12,0
LF:4
LH:2
BRF:0
BRH:0
end_of_record
TN:
SF:D:\project\person\front-project\vue-ui-1.0\src\components\table-column\index.js
FN:11,_interopRequireDefault
FN:16,(anonymous_2)
FNF:2
FNH:2
FNDA:1,_interopRequireDefault
FNDA:0,(anonymous_2)
DA:3,1
DA:7,1
DA:9,1
DA:11,1
DA:14,1
DA:15,1
DA:18,1
LF:7
LH:7
BRDA:12,1,0,1
BRDA:12,1,1,0
BRDA:12,2,0,1
BRDA:12,2,1,1
BRF:4
BRH:3
end_of_record
TN:
SF:D:\project\person\front-project\vue-ui-1.0\src\components\table-column\dx-table-column.js
FN:11,_interopRequireDefault
FN:17,renderHeader
FN:20,renderCell
FN:49,data
FN:55,parent
FN:62,columnId
FN:66,created
FN:79,(anonymous_8)
FN:97,(anonymous_9)
FN:104,(anonymous_10)
FN:112,mounted
FNF:11
FNH:1
FNDA:1,_interopRequireDefault
FNDA:0,renderHeader
FNDA:0,renderCell
FNDA:0,data
FNDA:0,parent
FNDA:0,columnId
FNDA:0,created
FNDA:0,(anonymous_8)
FNDA:0,(anonymous_9)
FNDA:0,(anonymous_10)
FNDA:0,mounted
DA:3,1
DA:7,1
DA:9,1
DA:11,1
DA:14,1
DA:16,0
DA:19,0
DA:22,0
DA:25,1
DA:26,1
DA:48,0
DA:54,0
DA:55,0
DA:56,0
DA:58,0
DA:61,0
DA:65,0
DA:68,0
DA:69,0
DA:70,0
DA:71,0
DA:72,0
DA:77,0
DA:78,0
DA:80,0
DA:95,0
DA:96,0
DA:97,0
DA:101,0
DA:102,0
DA:103,0
DA:104,0
DA:106,0
DA:112,0
DA:113,0
DA:115,0
LF:36
LH:7
BRDA:12,1,0,1
BRDA:12,1,1,0
BRDA:12,2,0,1
BRDA:12,2,1,1
BRDA:57,3,0,0
BRDA:57,3,1,0
BRDA:71,4,0,0
BRDA:71,4,1,0
BRDA:73,5,0,0
BRDA:73,5,1,0
BRDA:98,6,0,0
BRDA:98,6,1,0
BRDA:98,7,0,0
BRDA:98,7,1,0
BRDA:105,8,0,0
BRDA:105,8,1,0
BRDA:114,9,0,0
BRDA:114,9,1,0
BRF:18
BRH:3
end_of_record
TN:
SF:D:\project\person\front-project\vue-ui-1.0\src\components\button\index.js
FN:11,_interopRequireDefault
FN:16,(anonymous_2)
FNF:2
FNH:2
FNDA:1,_interopRequireDefault
FNDA:0,(anonymous_2)
DA:3,1
DA:7,1
DA:9,1
DA:11,1
DA:14,1
DA:15,1
DA:18,1
LF:7
LH:7
BRDA:12,1,0,0
BRDA:12,1,1,1
BRDA:12,2,0,1
BRDA:12,2,1,1
BRF:4
BRH:3
end_of_record
TN:
SF:D:\project\person\front-project\vue-ui-1.0\src\components\button\dx-button.vue
FN:53,handleClick
FNF:1
FNH:0
FNDA:0,handleClick
DA:0,1
DA:49,0
LF:2
LH:1
BRF:0
BRH:0
end_of_record
TN:
SF:D:\project\person\front-project\vue-ui-1.0\src\components\carousel\index.js
FN:11,_interopRequireDefault
FN:16,(anonymous_2)
FNF:2
FNH:2
FNDA:1,_interopRequireDefault
FNDA:0,(anonymous_2)
DA:3,1
DA:7,1
DA:9,1
DA:11,1
DA:14,1
DA:15,1
DA:18,1
LF:7
LH:7
BRDA:12,1,0,0
BRDA:12,1,1,1
BRDA:12,2,0,1
BRDA:12,2,1,1
BRF:4
BRH:3
end_of_record
TN:
SF:D:\project\person\front-project\vue-ui-1.0\src\components\carousel\dx-carousel.vue
FN:97,_default
FN:106,data
FN:131,itemsSize
FN:137,imageNum
FN:141,mounted
FN:146,(anonymous_6)
FN:153,showImg
FN:160,calculPosition
FN:172,handleMouseEnter
FN:178,handleMouseLeave
FN:182,startTimer
FN:185,(anonymous_12)
FN:189,pauseTimer
FN:193,preClick
FN:198,nextClick
FN:203,translate
FN:213,(anonymous_17)
FN:227,(anonymous_18)
FN:239,btnClick
FNF:19
FNH:0
FNDA:0,_default
FNDA:0,data
FNDA:0,itemsSize
FNDA:0,imageNum
FNDA:0,mounted
FNDA:0,(anonymous_6)
FNDA:0,showImg
FNDA:0,calculPosition
FNDA:0,handleMouseEnter
FNDA:0,handleMouseLeave
FNDA:0,startTimer
FNDA:0,(anonymous_12)
FNDA:0,pauseTimer
FNDA:0,preClick
FNDA:0,nextClick
FNDA:0,translate
FNDA:0,(anonymous_17)
FNDA:0,(anonymous_18)
FNDA:0,btnClick
DA:0,1
DA:93,0
DA:102,0
DA:126,0
DA:132,0
DA:135,0
DA:137,0
DA:138,0
DA:143,0
DA:144,0
DA:145,0
DA:149,0
DA:150,0
DA:151,0
DA:152,0
DA:154,0
DA:156,0
DA:160,0
DA:161,0
DA:165,0
DA:166,0
DA:168,0
DA:169,0
DA:172,0
DA:173,0
DA:176,0
DA:177,0
DA:181,0
DA:182,0
DA:185,0
DA:187,0
DA:188,0
DA:189,0
DA:190,0
DA:191,0
DA:192,0
DA:193,0
DA:195,0
DA:197,0
DA:198,0
DA:199,0
DA:200,0
DA:201,0
DA:203,0
DA:204,0
DA:205,0
DA:206,0
DA:207,0
DA:208,0
DA:209,0
DA:210,0
DA:211,0
DA:212,0
DA:213,0
DA:219,0
DA:221,0
DA:222,0
DA:223,0
DA:225,0
DA:226,0
LF:60
LH:1
BRDA:161,1,0,0
BRDA:161,1,1,0
BRDA:163,2,0,0
BRDA:163,2,1,0
BRDA:194,3,0,0
BRDA:194,3,1,0
BRDA:199,4,0,0
BRDA:199,4,1,0
BRDA:209,5,0,0
BRDA:209,5,1,0
BRDA:220,6,0,0
BRDA:220,6,1,0
BRDA:220,7,0,0
BRDA:220,7,1,0
BRDA:223,8,0,0
BRDA:223,8,1,0
BRDA:232,9,0,0
BRDA:232,9,1,0
BRDA:232,10,0,0
BRDA:232,10,1,0
BRDA:240,11,0,0
BRDA:240,11,1,0
BRDA:240,12,0,0
BRDA:240,12,1,0
BRDA:242,13,0,0
BRDA:242,13,1,0
BRF:26
BRH:0
end_of_record
TN:
SF:D:\project\person\front-project\vue-ui-1.0\src\components\form\index.js
FN:11,_interopRequireDefault
FN:16,(anonymous_2)
FNF:2
FNH:2
FNDA:1,_interopRequireDefault
FNDA:0,(anonymous_2)
DA:3,1
DA:7,1
DA:9,1
DA:11,1
DA:14,1
DA:15,1
DA:18,1
LF:7
LH:7
BRDA:12,1,0,0
BRDA:12,1,1,1
BRDA:12,2,0,1
BRDA:12,2,1,1
BRF:4
BRH:3
end_of_record
TN:
SF:D:\project\person\front-project\vue-ui-1.0\src\components\form\dx-form.vue
FN:11,_interopRequireDefault
FN:25,data
FN:32,rules
FN:37,created
FN:40,(anonymous_5)
FN:45,(anonymous_6)
FN:54,validate
FN:61,callback
FN:67,(anonymous_9)
FN:68,(anonymous_10)
FNF:10
FNH:1
FNDA:1,_interopRequireDefault
FNDA:0,data
FNDA:0,rules
FNDA:0,created
FNDA:0,(anonymous_5)
FNDA:0,(anonymous_6)
FNDA:0,validate
FNDA:0,callback
FNDA:0,(anonymous_9)
FNDA:0,(anonymous_10)
DA:0,1
DA:8,1
DA:23,0
DA:29,0
DA:33,0
DA:34,0
DA:35,0
DA:36,0
DA:39,0
DA:40,0
DA:41,0
DA:48,0
DA:49,0
DA:50,0
DA:52,0
DA:53,0
DA:54,0
DA:57,0
DA:58,0
DA:60,0
DA:61,0
DA:62,0
DA:63,0
DA:67,0
LF:24
LH:2
BRDA:11,1,0,1
BRDA:11,1,1,0
BRDA:11,2,0,1
BRDA:11,2,1,1
BRDA:41,3,0,0
BRDA:41,3,1,0
BRDA:46,4,0,0
BRDA:46,4,1,0
BRDA:55,5,0,0
BRDA:55,5,1,0
BRDA:60,6,0,0
BRDA:60,6,1,0
BRDA:60,7,0,0
BRDA:60,7,1,0
BRDA:64,8,0,0
BRDA:64,8,1,0
BRDA:69,9,0,0
BRDA:69,9,1,0
BRF:18
BRH:4
end_of_record
TN:
SF:D:\project\person\front-project\vue-ui-1.0\src\components\form-item\index.js
FN:11,_interopRequireDefault
FN:16,(anonymous_2)
FNF:2
FNH:2
FNDA:1,_interopRequireDefault
FNDA:0,(anonymous_2)
DA:3,1
DA:7,1
DA:9,1
DA:11,1
DA:14,1
DA:15,1
DA:18,1
LF:7
LH:7
BRDA:12,1,0,0
BRDA:12,1,1,1
BRDA:12,2,0,1
BRDA:12,2,1,1
BRF:4
BRH:3
end_of_record
TN:
SF:D:\project\person\front-project\vue-ui-1.0\src\components\form-item\dx-form-item.vue
FN:15,_interopRequireDefault
FN:42,noop
FN:66,data
FN:76,textClasses
FN:81,form
FN:90,msgTextClass
FN:97,get
FN:107,get
FN:116,mounted
FN:134,validate
FN:180,getRules
FN:190,getFilterRules
FN:192,(anonymous_13)
FN:198,beforeDestory
FN:201,onFieldBlur
FN:204,onFieldFocus
FNF:16
FNH:1
FNDA:2,_interopRequireDefault
FNDA:0,noop
FNDA:0,data
FNDA:0,textClasses
FNDA:0,form
FNDA:0,msgTextClass
FNDA:0,get
FNDA:0,get
FNDA:0,mounted
FNDA:0,validate
FNDA:0,getRules
FNDA:0,getFilterRules
FNDA:0,(anonymous_13)
FNDA:0,beforeDestory
FNDA:0,onFieldBlur
FNDA:0,onFieldFocus
DA:0,2
DA:26,1
DA:28,1
DA:29,1
DA:54,0
DA:63,0
DA:67,0
DA:68,0
DA:69,0
DA:70,0
DA:71,0
DA:73,0
DA:76,0
DA:82,0
DA:83,0
DA:84,0
DA:90,0
DA:91,0
DA:92,0
DA:97,0
DA:103,0
DA:105,0
DA:106,0
DA:107,0
DA:108,0
DA:113,0
DA:115,0
DA:116,0
DA:118,0
DA:119,0
DA:120,0
DA:121,0
DA:123,0
DA:124,0
DA:126,0
DA:127,0
DA:130,0
DA:131,0
DA:133,0
DA:135,0
DA:136,0
DA:138,0
DA:139,0
DA:140,0
DA:141,0
DA:143,0
DA:144,0
DA:149,0
DA:150,0
DA:152,0
DA:156,0
DA:157,0
DA:158,0
DA:159,0
DA:161,0
DA:165,0
DA:166,0
DA:167,0
DA:172,0
DA:175,0
DA:178,0
DA:179,0
DA:180,0
LF:63
LH:4
BRDA:15,1,0,2
BRDA:15,1,1,0
BRDA:15,2,0,2
BRDA:15,2,1,2
BRDA:99,3,0,0
BRDA:99,3,1,0
BRDA:99,4,0,0
BRDA:99,4,1,0
BRDA:109,5,0,0
BRDA:109,5,1,0
BRDA:109,6,0,0
BRDA:109,6,1,0
BRDA:117,7,0,0
BRDA:117,7,1,0
BRDA:126,8,0,0
BRDA:126,8,1,0
BRDA:135,9,0,0
BRDA:135,9,1,0
BRDA:135,10,0,0
BRDA:135,10,1,0
BRDA:136,11,0,0
BRDA:136,11,1,0
BRDA:136,12,0,0
BRDA:136,12,1,0
BRDA:139,13,0,0
BRDA:139,13,1,0
BRDA:143,14,0,0
BRDA:143,14,1,0
BRDA:143,15,0,0
BRDA:143,15,1,0
BRDA:154,16,0,0
BRDA:154,16,1,0
BRDA:159,17,0,0
BRDA:159,17,1,0
BRDA:162,18,0,0
BRDA:162,18,1,0
BRDA:163,19,0,0
BRDA:163,19,1,0
BRDA:167,20,0,0
BRDA:167,20,1,0
BRDA:173,21,0,0
BRDA:173,21,1,0
BRDA:183,22,0,0
BRDA:183,22,1,0
BRDA:183,23,0,0
BRDA:183,23,1,0
BRDA:184,24,0,0
BRDA:184,24,1,0
BRDA:184,25,0,0
BRDA:184,25,1,0
BRDA:186,26,0,0
BRDA:186,26,1,0
BRDA:186,26,2,0
BRDA:193,27,0,0
BRDA:193,27,1,0
BRDA:202,28,0,0
BRDA:202,28,1,0
BRDA:205,29,0,0
BRDA:205,29,1,0
BRDA:206,30,0,0
BRDA:206,30,1,0
BRF:61
BRH:4
end_of_record
TN:
SF:D:\project\person\front-project\vue-ui-1.0\src\utils\stragetegies.js
FN:8,caluStrLen
FN:14,required
FN:21,minLength
FN:28,maxLength
FN:35,isMobile
FN:42,confirmSame
FN:50,isNumAndCharAnd_
FN:57,pwdLevelVerification
FNF:8
FNH:0
FNDA:0,caluStrLen
FNDA:0,required
FNDA:0,minLength
FNDA:0,maxLength
FNDA:0,isMobile
FNDA:0,confirmSame
FNDA:0,isNumAndCharAnd_
FNDA:0,pwdLevelVerification
DA:3,1
DA:8,1
DA:9,0
DA:12,1
DA:15,0
DA:16,0
DA:17,0
DA:19,0
DA:22,0
DA:23,0
DA:24,0
DA:26,0
DA:29,0
DA:30,0
DA:31,0
DA:33,0
DA:36,0
DA:37,0
DA:39,0
DA:40,0
DA:43,0
DA:44,0
DA:45,0
DA:47,0
DA:51,0
DA:52,0
DA:53,0
DA:55,0
DA:58,0
DA:59,0
DA:63,0
DA:64,0
DA:66,0
DA:67,0
DA:69,0
DA:70,0
DA:72,0
DA:73,0
DA:75,0
DA:76,0
DA:78,0
LF:41
LH:3
BRDA:15,1,0,0
BRDA:15,1,1,0
BRDA:16,2,0,0
BRDA:16,2,1,0
BRDA:16,2,2,0
BRDA:22,3,0,0
BRDA:22,3,1,0
BRDA:23,4,0,0
BRDA:23,4,1,0
BRDA:23,4,2,0
BRDA:29,5,0,0
BRDA:29,5,1,0
BRDA:30,6,0,0
BRDA:30,6,1,0
BRDA:30,6,2,0
BRDA:36,7,0,0
BRDA:36,7,1,0
BRDA:39,8,0,0
BRDA:39,8,1,0
BRDA:39,8,2,0
BRDA:43,9,0,0
BRDA:43,9,1,0
BRDA:44,10,0,0
BRDA:44,10,1,0
BRDA:44,10,2,0
BRDA:51,11,0,0
BRDA:51,11,1,0
BRDA:52,12,0,0
BRDA:52,12,1,0
BRDA:52,12,2,0
BRDA:63,13,0,0
BRDA:63,13,1,0
BRDA:63,14,0,0
BRDA:63,14,1,0
BRDA:63,14,2,0
BRDA:63,14,3,0
BRDA:66,15,0,0
BRDA:66,15,1,0
BRDA:69,16,0,0
BRDA:69,16,1,0
BRDA:72,17,0,0
BRDA:72,17,1,0
BRDA:75,18,0,0
BRDA:75,18,1,0
BRF:44
BRH:0
end_of_record
TN:
SF:D:\project\person\front-project\vue-ui-1.0\src\components\input\index.js
FN:11,_interopRequireDefault
FN:16,(anonymous_2)
FNF:2
FNH:2
FNDA:1,_interopRequireDefault
FNDA:0,(anonymous_2)
DA:3,1
DA:7,1
DA:9,1
DA:11,1
DA:14,1
DA:15,1
DA:18,1
LF:7
LH:7
BRDA:12,1,0,0
BRDA:12,1,1,1
BRDA:12,2,0,1
BRDA:12,2,1,1
BRF:4
BRH:3
end_of_record
TN:
SF:D:\project\person\front-project\vue-ui-1.0\src\components\input\dx-input.vue
FN:11,_interopRequireDefault
FN:31,data
FN:39,get
FN:42,set
FN:48,handleBlur
FN:53,handleFoucs
FNF:6
FNH:3
FNDA:1,_interopRequireDefault
FNDA:1,data
FNDA:1,get
FNDA:0,set
FNDA:0,handleBlur
FNDA:0,handleFoucs
DA:0,1
DA:30,1
DA:50,1
DA:57,1
DA:60,0
DA:67,0
DA:68,0
DA:69,0
DA:72,0
DA:73,0
DA:74,0
LF:11
LH:4
BRDA:11,1,0,1
BRDA:11,1,1,0
BRDA:11,2,0,1
BRDA:11,2,1,1
BRF:4
BRH:4
end_of_record
TN:
SF:D:\project\person\front-project\vue-ui-1.0\src\components\mixins\emitter.js
FN:6,_broadcast
FN:7,(anonymous_2)
FN:18,dispatch
FN:31,broadcast
FNF:4
FNH:0
FNDA:0,_broadcast
FNDA:0,(anonymous_2)
FNDA:0,dispatch
FNDA:0,broadcast
DA:3,1
DA:6,1
DA:7,0
DA:8,0
DA:9,0
DA:10,0
DA:12,0
DA:16,1
DA:19,0
DA:20,0
DA:21,0
DA:22,0
DA:23,0
DA:24,0
DA:27,0
DA:28,0
DA:32,0
LF:17
LH:3
BRDA:9,1,0,0
BRDA:9,1,1,0
BRDA:19,2,0,0
BRDA:19,2,1,0
BRDA:21,3,0,0
BRDA:21,3,1,0
BRDA:21,3,2,0
BRDA:23,4,0,0
BRDA:23,4,1,0
BRDA:27,5,0,0
BRDA:27,5,1,0
BRF:11
BRH:0
end_of_record
TN:
SF:D:\project\person\front-project\vue-ui-1.0\src\components\nav\index.js
FN:11,_interopRequireDefault
FN:16,(anonymous_2)
FNF:2
FNH:2
FNDA:1,_interopRequireDefault
FNDA:0,(anonymous_2)
DA:3,1
DA:7,1
DA:9,1
DA:11,1
DA:14,1
DA:15,1
DA:18,1
LF:7
LH:7
BRDA:12,1,0,0
BRDA:12,1,1,1
BRDA:12,2,0,1
BRDA:12,2,1,1
BRF:4
BRH:3
end_of_record
TN:
SF:D:\project\person\front-project\vue-ui-1.0\src\components\nav\dx-nav.vue
FN:64,_default
FN:69,data
FN:77,navs
FN:88,changeListStatus
FNF:4
FNH:0
FNDA:0,_default
FNDA:0,data
FNDA:0,navs
FNDA:0,changeListStatus
DA:0,1
DA:60,0
DA:65,0
DA:72,0
DA:73,0
DA:74,0
DA:84,0
DA:85,0
DA:88,0
DA:89,0
DA:90,0
DA:92,0
LF:12
LH:1
BRDA:90,1,0,0
BRDA:90,1,1,0
BRF:2
BRH:0
end_of_record
TN:
SF:D:\project\person\front-project\vue-ui-1.0\src\components\notify\index.js
FN:17,_interopRequireDefault
FN:26,autoClose
FN:31,(anonymous_3)
FN:36,initInstance
FN:43,Notify
FNF:5
FNH:1
FNDA:2,_interopRequireDefault
FNDA:0,autoClose
FNDA:0,(anonymous_3)
FNDA:0,initInstance
FNDA:0,Notify
DA:3,1
DA:7,1
DA:9,1
DA:11,1
DA:13,1
DA:15,1
DA:17,2
DA:20,1
DA:21,1
DA:22,1
DA:23,1
DA:24,1
DA:26,0
DA:27,0
DA:29,0
DA:30,0
DA:34,1
DA:35,0
DA:36,0
DA:41,1
DA:42,0
DA:43,0
DA:45,0
DA:46,0
DA:47,0
DA:48,0
DA:49,0
DA:50,0
DA:51,0
DA:52,0
DA:54,0
DA:56,0
DA:58,1
LF:33
LH:15
BRDA:18,1,0,0
BRDA:18,1,1,2
BRDA:18,2,0,2
BRDA:18,2,1,2
BRDA:28,3,0,0
BRDA:28,3,1,0
BRDA:33,4,0,0
BRDA:33,4,1,0
BRDA:44,5,0,0
BRDA:44,5,1,0
BRDA:51,6,0,0
BRDA:51,6,1,0
BRF:12
BRH:3
end_of_record
TN:
SF:D:\project\person\front-project\vue-ui-1.0\src\components\notify\dx-notify.vue
FN:38,data
FN:46,close
FNF:2
FNH:0
FNDA:0,data
FNDA:0,close
DA:0,1
DA:34,0
DA:41,0
DA:42,0
DA:43,0
DA:45,0
DA:46,0
DA:48,0
LF:8
LH:1
BRDA:47,1,0,0
BRDA:47,1,1,0
BRF:2
BRH:0
end_of_record
TN:
SF:D:\project\person\front-project\vue-ui-1.0\src\components\pagination\index.js
FN:11,_interopRequireDefault
FN:16,(anonymous_2)
FNF:2
FNH:2
FNDA:1,_interopRequireDefault
FNDA:0,(anonymous_2)
DA:3,1
DA:7,1
DA:9,1
DA:11,1
DA:14,1
DA:15,1
DA:18,1
LF:7
LH:7
BRDA:12,1,0,0
BRDA:12,1,1,1
BRDA:12,2,0,1
BRDA:12,2,1,1
BRF:4
BRH:3
end_of_record
TN:
SF:D:\project\person\front-project\vue-ui-1.0\src\components\pagination\dx-pagination.vue
FN:11,_interopRequireDefault
FN:42,_default
FN:48,data
FN:56,pageCount
FN:63,internalPageSize
FN:73,internalCurPage
FN:79,changePage
FN:84,jumpTo
FNF:8
FNH:1
FNDA:1,_interopRequireDefault
FNDA:0,_default
FNDA:0,data
FNDA:0,pageCount
FNDA:0,internalPageSize
FNDA:0,internalCurPage
FNDA:0,changePage
FNDA:0,jumpTo
DA:0,1
DA:43,1
DA:74,0
DA:80,0
DA:87,0
DA:88,0
DA:94,0
DA:95,0
DA:97,0
DA:99,0
DA:100,0
DA:104,0
DA:111,0
DA:115,0
DA:116,0
DA:117,0
LF:16
LH:2
BRDA:11,1,0,0
BRDA:11,1,1,1
BRDA:11,2,0,1
BRDA:11,2,1,1
BRDA:57,3,0,0
BRDA:57,3,1,0
BRDA:67,4,0,0
BRDA:67,4,1,0
BRDA:69,5,0,0
BRDA:69,5,1,0
BRDA:69,6,0,0
BRDA:69,6,1,0
BRDA:86,7,0,0
BRDA:86,7,1,0
BRDA:86,8,0,0
BRDA:86,8,1,0
BRF:16
BRH:4
end_of_record
TN:
SF:D:\project\person\front-project\vue-ui-1.0\src\components\pagination\dx-pager.vue
FN:94,data
FN:104,pager
FN:148,clickPage
FNF:3
FNH:0
FNDA:0,data
FNDA:0,pager
FNDA:0,clickPage
DA:0,1
DA:90,0
DA:99,0
DA:100,0
DA:101,0
DA:103,0
DA:104,0
DA:105,0
DA:106,0
DA:108,0
DA:109,0
DA:110,0
DA:112,0
DA:113,0
DA:117,0
DA:118,0
DA:119,0
DA:121,0
DA:122,0
DA:123,0
DA:125,0
DA:126,0
DA:127,0
DA:128,0
DA:131,0
DA:132,0
DA:136,0
DA:137,0
DA:138,0
DA:143,0
DA:144,0
DA:145,0
DA:148,0
DA:150,0
DA:153,0
DA:154,0
DA:155,0
DA:156,0
DA:158,0
DA:159,0
DA:160,0
DA:161,0
DA:162,0
DA:164,0
DA:165,0
DA:166,0
DA:167,0
DA:169,0
DA:170,0
DA:171,0
DA:173,0
DA:174,0
DA:177,0
DA:178,0
LF:54
LH:1
BRDA:114,1,0,0
BRDA:114,1,1,0
BRDA:115,2,0,0
BRDA:115,2,1,0
BRDA:118,3,0,0
BRDA:118,3,1,0
BRDA:123,4,0,0
BRDA:123,4,1,0
BRDA:123,5,0,0
BRDA:123,5,1,0
BRDA:127,6,0,0
BRDA:127,6,1,0
BRDA:127,7,0,0
BRDA:127,7,1,0
BRDA:131,8,0,0
BRDA:131,8,1,0
BRDA:131,9,0,0
BRDA:131,9,1,0
BRDA:150,10,0,0
BRDA:150,10,1,0
BRDA:164,11,0,0
BRDA:164,11,1,0
BRDA:165,12,0,0
BRDA:165,12,1,0
BRDA:167,13,0,0
BRDA:167,13,1,0
BRDA:170,14,0,0
BRDA:170,14,1,0
BRDA:172,15,0,0
BRDA:172,15,1,0
BRDA:175,16,0,0
BRDA:175,16,1,0
BRDA:176,17,0,0
BRDA:176,17,1,0
BRDA:179,18,0,0
BRDA:179,18,1,0
BRDA:183,19,0,0
BRDA:183,19,1,0
BRF:38
BRH:0
end_of_record
TN:
SF:D:\project\person\front-project\vue-ui-1.0\src\components\progress\index.js
FN:11,_interopRequireDefault
FN:16,(anonymous_2)
FNF:2
FNH:2
FNDA:1,_interopRequireDefault
FNDA:0,(anonymous_2)
DA:3,1
DA:7,1
DA:9,1
DA:11,1
DA:14,1
DA:15,1
DA:18,1
LF:7
LH:7
BRDA:12,1,0,0
BRDA:12,1,1,1
BRDA:12,2,0,1
BRDA:12,2,1,1
BRF:4
BRH:3
end_of_record
TN:
SF:D:\project\person\front-project\vue-ui-1.0\src\components\progress\dx-progress.vue
FN:58,validator
FN:86,barStyle
FN:92,progressTextSize
FNF:3
FNH:0
FNDA:0,validator
FNDA:0,barStyle
FNDA:0,progressTextSize
DA:0,1
DA:53,0
DA:80,0
DA:81,0
DA:82,0
DA:83,0
DA:86,0
LF:7
LH:1
BRDA:59,1,0,0
BRDA:59,1,1,0
BRF:2
BRH:0
end_of_record
TN:
SF:D:\project\person\front-project\vue-ui-1.0\src\components\radio\index.js
FN:11,_interopRequireDefault
FN:16,(anonymous_2)
FNF:2
FNH:2
FNDA:1,_interopRequireDefault
FNDA:0,(anonymous_2)
DA:3,1
DA:7,1
DA:9,1
DA:11,1
DA:14,1
DA:15,1
DA:18,1
LF:7
LH:7
BRDA:12,1,0,0
BRDA:12,1,1,1
BRDA:12,2,0,1
BRDA:12,2,1,1
BRF:4
BRH:3
end_of_record
TN:
SF:D:\project\person\front-project\vue-ui-1.0\src\components\radio\dx-radio.vue
FN:42,data
FN:50,get
FN:53,set
FNF:3
FNH:0
FNDA:0,data
FNDA:0,get
FNDA:0,set
DA:0,1
DA:38,0
DA:45,0
DA:49,0
LF:4
LH:1
BRF:0
BRH:0
end_of_record
TN:
SF:D:\project\person\front-project\vue-ui-1.0\src\components\rate\index.js
FN:11,_interopRequireDefault
FN:16,(anonymous_2)
FNF:2
FNH:2
FNDA:1,_interopRequireDefault
FNDA:0,(anonymous_2)
DA:3,1
DA:7,1
DA:9,1
DA:11,1
DA:14,1
DA:15,1
DA:18,1
LF:7
LH:7
BRDA:12,1,0,0
BRDA:12,1,1,1
BRDA:12,2,0,1
BRDA:12,2,1,1
BRF:4
BRH:3
end_of_record
TN:
SF:D:\project\person\front-project\vue-ui-1.0\src\components\rate\dx-rate.vue
FN:43,data
FN:50,select
FNF:2
FNH:0
FNDA:0,data
FNDA:0,select
DA:0,1
DA:39,0
DA:45,0
DA:46,0
DA:47,0
DA:48,0
DA:49,0
LF:7
LH:1
BRDA:45,1,0,0
BRDA:45,1,1,0
BRDA:51,2,0,0
BRDA:51,2,1,0
BRDA:52,3,0,0
BRDA:52,3,1,0
BRF:6
BRH:0
end_of_record
TN:
SF:D:\project\person\front-project\vue-ui-1.0\src\components\select\index.js
FN:11,_interopRequireDefault
FN:16,(anonymous_2)
FNF:2
FNH:2
FNDA:1,_interopRequireDefault
FNDA:0,(anonymous_2)
DA:3,1
DA:7,1
DA:9,1
DA:11,1
DA:14,1
DA:15,1
DA:18,1
LF:7
LH:7
BRDA:12,1,0,0
BRDA:12,1,1,1
BRDA:12,2,0,1
BRDA:12,2,1,1
BRF:4
BRH:3
end_of_record
TN:
SF:D:\project\person\front-project\vue-ui-1.0\src\components\select\dx-select.vue
FN:11,_interopRequireDefault
FN:30,data
FN:40,isObject
FN:56,closeItems
FN:59,openItems
FN:63,selectItem
FNF:6
FNH:1
FNDA:1,_interopRequireDefault
FNDA:0,data
FNDA:0,isObject
FNDA:0,closeItems
FNDA:0,openItems
FNDA:0,selectItem
DA:0,1
DA:49,1
DA:68,0
DA:77,0
DA:80,0
DA:81,0
DA:82,0
DA:84,0
DA:87,0
DA:90,0
DA:95,0
DA:98,0
DA:102,0
DA:104,0
DA:106,0
DA:108,0
DA:109,0
DA:110,0
DA:111,0
DA:112,0
LF:20
LH:2
BRDA:11,1,0,1
BRDA:11,1,1,0
BRDA:11,2,0,1
BRDA:11,2,1,1
BRDA:43,3,0,0
BRDA:43,3,1,0
BRDA:44,4,0,0
BRDA:44,4,1,0
BRDA:44,5,0,0
BRDA:44,5,1,0
BRDA:45,6,0,0
BRDA:45,6,1,0
BRDA:45,7,0,0
BRDA:45,7,1,0
BRDA:71,8,0,0
BRDA:71,8,1,0
BRDA:72,9,0,0
BRDA:72,9,1,0
BRDA:74,10,0,0
BRDA:74,10,1,0
BRF:20
BRH:4
end_of_record
TN:
SF:D:\project\person\front-project\vue-ui-1.0\src\directives\clickoutside.js
FN:16,(anonymous_1)
FN:19,(anonymous_2)
FN:20,(anonymous_3)
FN:27,bind
FN:30,handler
FN:53,update
FN:58,unbind
FNF:7
FNH:0
FNDA:0,(anonymous_1)
FNDA:0,(anonymous_2)
FNDA:0,(anonymous_3)
FNDA:0,bind
FNDA:0,handler
FNDA:0,update
FNDA:0,unbind
DA:0,1
DA:3,1
DA:7,1
DA:13,1
DA:16,1
DA:17,0
DA:19,1
DA:20,0
DA:21,0
DA:25,1
DA:28,0
DA:30,0
DA:31,0
DA:32,0
DA:34,0
DA:37,0
DA:40,0
DA:41,0
DA:43,0
DA:46,0
DA:54,0
DA:55,0
DA:59,0
DA:60,0
DA:61,0
DA:62,0
LF:26
LH:7
BRDA:31,1,0,0
BRDA:31,1,1,0
BRDA:31,2,0,0
BRDA:31,2,1,0
BRDA:32,3,0,0
BRDA:32,3,1,0
BRDA:32,4,0,0
BRDA:32,4,1,0
BRDA:34,5,0,0
BRDA:34,5,1,0
BRDA:34,6,0,0
BRDA:34,6,1,0
BRDA:34,6,2,0
BRDA:34,6,3,0
BRDA:34,6,4,0
BRDA:34,6,5,0
BRDA:34,6,6,0
BRDA:34,6,7,0
BRDA:34,6,8,0
BRDA:40,7,0,0
BRDA:40,7,1,0
BRDA:40,8,0,0
BRDA:40,8,1,0
BRDA:40,8,2,0
BRDA:43,9,0,0
BRDA:43,9,1,0
BRDA:60,10,0,0
BRDA:60,10,1,0
BRF:28
BRH:0
end_of_record
TN:
SF:D:\project\person\front-project\vue-ui-1.0\src\components\tabs\index.js
FN:11,_interopRequireDefault
FN:16,(anonymous_2)
FNF:2
FNH:2
FNDA:1,_interopRequireDefault
FNDA:0,(anonymous_2)
DA:3,1
DA:7,1
DA:9,1
DA:11,1
DA:14,1
DA:15,1
DA:18,1
LF:7
LH:7
BRDA:12,1,0,0
BRDA:12,1,1,1
BRDA:12,2,0,1
BRDA:12,2,1,1
BRF:4
BRH:3
end_of_record
TN:
SF:D:\project\person\front-project\vue-ui-1.0\src\components\tabs\dx-tabs.vue
FN:27,data
FN:34,onTabClick
FN:41,get
FN:45,(anonymous_4)
FN:52,set
FN:56,get
FN:63,(anonymous_7)
FN:90,mounted
FNF:8
FNH:0
FNDA:0,data
FNDA:0,onTabClick
FNDA:0,get
FNDA:0,(anonymous_4)
FNDA:0,set
FNDA:0,get
FNDA:0,(anonymous_7)
FNDA:0,mounted
DA:0,1
DA:23,0
DA:29,0
DA:30,0
DA:35,0
DA:36,0
DA:37,0
DA:38,0
DA:39,0
DA:42,0
DA:49,0
DA:50,0
DA:51,0
DA:52,0
DA:53,0
DA:54,0
DA:55,0
DA:56,0
DA:57,0
DA:58,0
DA:60,0
DA:62,0
DA:65,0
DA:67,0
DA:71,0
DA:73,0
DA:74,0
DA:75,0
DA:76,0
DA:77,0
DA:82,0
LF:31
LH:1
BRDA:46,1,0,0
BRDA:46,1,1,0
BRDA:50,2,0,0
BRDA:50,2,1,0
BRDA:59,3,0,0
BRDA:59,3,1,0
BRDA:65,4,0,0
BRDA:65,4,1,0
BRDA:71,5,0,0
BRDA:71,5,1,0
BRF:10
BRH:0
end_of_record
TN:
SF:D:\project\person\front-project\vue-ui-1.0\src\components\transitions\index.js
FN:11,_interopRequireDefault
FNF:1
FNH:1
FNDA:1,_interopRequireDefault
DA:3,1
DA:7,1
DA:9,1
DA:11,1
DA:13,1
LF:5
LH:5
BRDA:12,1,0,1
BRDA:12,1,1,0
BRDA:12,2,0,1
BRDA:12,2,1,1
BRF:4
BRH:3
end_of_record
TN:
SF:D:\project\person\front-project\vue-ui-1.0\src\components\transitions\collapse-transition.js
FN:11,beforeEnter
FN:22,enter
FN:42,afterEnter
FN:48,beforeLeave
FN:57,leave
FN:66,afterLeave
FN:78,render
FNF:7
FNH:0
FNDA:0,beforeEnter
FNDA:0,enter
FNDA:0,afterEnter
FNDA:0,beforeLeave
FNDA:0,leave
FNDA:0,afterLeave
FNDA:0,render
DA:3,1
DA:7,1
DA:10,1
DA:12,0
DA:13,0
DA:15,0
DA:16,0
DA:18,0
DA:19,0
DA:20,0
DA:23,0
DA:30,0
DA:31,0
DA:32,0
DA:33,0
DA:35,0
DA:36,0
DA:37,0
DA:40,0
DA:44,0
DA:45,0
DA:46,0
DA:49,0
DA:50,0
DA:51,0
DA:52,0
DA:54,0
DA:55,0
DA:58,0
DA:60,0
DA:61,0
DA:62,0
DA:63,0
DA:67,0
DA:68,0
DA:69,0
DA:70,0
DA:71,0
DA:75,1
DA:79,0
DA:81,0
DA:84,0
LF:42
LH:4
BRDA:13,1,0,0
BRDA:13,1,1,0
BRDA:30,2,0,0
BRDA:30,2,1,0
BRDA:49,3,0,0
BRDA:49,3,1,0
BRDA:58,4,0,0
BRDA:58,4,1,0
BRF:8
BRH:0
end_of_record
TN:
SF:D:\project\person\front-project\vue-ui-1.0\src\components\uploader\index.js
FN:11,_interopRequireDefault
FN:16,(anonymous_2)
FNF:2
FNH:2
FNDA:1,_interopRequireDefault
FNDA:0,(anonymous_2)
DA:3,1
DA:7,1
DA:9,1
DA:11,1
DA:14,1
DA:15,1
DA:18,1
LF:7
LH:7
BRDA:12,1,0,0
BRDA:12,1,1,1
BRDA:12,2,0,1
BRDA:12,2,1,1
BRF:4
BRH:3
end_of_record
TN:
SF:D:\project\person\front-project\vue-ui-1.0\src\components\uploader\dx-upload.vue
FN:19,_interopRequireDefault
FN:23,render
FNF:2
FNH:1
FNDA:3,_interopRequireDefault
FNDA:0,render
DA:0,3
DA:2,1
DA:3,1
DA:7,0
DA:13,0
DA:14,0
DA:15,0
LF:7
LH:3
BRDA:19,1,0,1
BRDA:19,1,1,2
BRDA:19,2,0,3
BRDA:19,2,1,3
BRDA:28,3,0,0
BRDA:28,3,1,0
BRF:6
BRH:4
end_of_record
TN:
SF:D:\project\person\front-project\vue-ui-1.0\src\components\uploader\ajax-upload.vue
FN:29,_interopRequireDefault
FN:103,validator
FN:127,data
FN:134,allowFileExtension
FN:137,fileNum
FN:142,fileSizeToUnit
FN:149,handleClick
FN:155,handleChange
FN:162,uploadFiles
FN:169,(anonymous_10)
FN:192,doPostFile
FN:200,onSuccess
FN:203,onProgress
FN:206,error
FN:213,onUploadProgress
FN:217,onUploadSucess
FN:218,(anonymous_17)
FN:226,onUploadError
FN:233,removeFile
FN:236,_callee
FN:238,_callee$
FN:242,(anonymous_22)
FN:298,removeFileFromFileList
FN:299,(anonymous_24)
FN:309,validateFileValue
FNF:25
FNH:1
FNDA:5,_interopRequireDefault
FNDA:0,validator
FNDA:0,data
FNDA:0,allowFileExtension
FNDA:0,fileNum
FNDA:0,fileSizeToUnit
FNDA:0,handleClick
FNDA:0,handleChange
FNDA:0,uploadFiles
FNDA:0,(anonymous_10)
FNDA:0,doPostFile
FNDA:0,onSuccess
FNDA:0,onProgress
FNDA:0,error
FNDA:0,onUploadProgress
FNDA:0,onUploadSucess
FNDA:0,(anonymous_17)
FNDA:0,onUploadError
FNDA:0,removeFile
FNDA:0,_callee
FNDA:0,_callee$
FNDA:0,(anonymous_22)
FNDA:0,removeFileFromFileList
FNDA:0,(anonymous_24)
FNDA:0,validateFileValue
DA:0,5
DA:49,1
DA:59,1
DA:85,0
DA:109,0
DA:115,0
DA:118,0
DA:123,0
DA:124,0
DA:125,0
DA:130,0
DA:131,0
DA:132,0
DA:137,0
DA:138,0
DA:139,0
DA:142,0
DA:144,0
DA:145,0
DA:146,0
DA:147,0
DA:156,0
DA:157,0
DA:159,0
DA:160,0
DA:162,0
DA:164,0
DA:165,0
DA:169,0
DA:170,0
DA:176,0
DA:179,0
DA:182,0
DA:183,0
DA:186,0
DA:189,0
DA:190,0
DA:193,0
DA:194,0
DA:195,0
DA:196,0
DA:197,0
DA:200,0
DA:201,0
DA:202,0
DA:205,0
DA:206,0
DA:210,0
DA:212,0
DA:213,0
DA:219,0
DA:223,0
DA:226,0
DA:227,0
DA:228,0
DA:230,0
DA:233,0
DA:234,0
DA:236,0
DA:237,0
DA:238,0
DA:241,0
DA:242,0
DA:243,0
DA:245,0
DA:246,0
DA:247,0
DA:249,0
LF:68
LH:3
BRDA:29,1,0,3
BRDA:29,1,1,2
BRDA:29,2,0,5
BRDA:29,2,1,5
BRDA:135,3,0,0
BRDA:135,3,1,0
BRDA:144,4,0,0
BRDA:144,4,1,0
BRDA:150,5,0,0
BRDA:150,5,1,0
BRDA:158,6,0,0
BRDA:158,6,1,0
BRDA:166,7,0,0
BRDA:166,7,1,0
BRDA:179,8,0,0
BRDA:179,8,1,0
BRDA:182,9,0,0
BRDA:182,9,1,0
BRDA:182,10,0,0
BRDA:182,10,1,0
BRDA:187,11,0,0
BRDA:187,11,1,0
BRDA:215,12,0,0
BRDA:215,12,1,0
BRDA:224,13,0,0
BRDA:224,13,1,0
BRDA:228,14,0,0
BRDA:228,14,1,0
BRDA:240,15,0,0
BRDA:240,15,1,0
BRDA:240,15,2,0
BRDA:240,15,3,0
BRDA:240,15,4,0
BRDA:240,15,5,0
BRDA:240,15,6,0
BRDA:246,16,0,0
BRDA:246,16,1,0
BRDA:256,17,0,0
BRDA:256,17,1,0
BRDA:261,18,0,0
BRDA:261,18,1,0
BRDA:268,19,0,0
BRDA:268,19,1,0
BRDA:302,20,0,0
BRDA:302,20,1,0
BRDA:316,21,0,0
BRDA:316,21,1,0
BRDA:321,22,0,0
BRDA:321,22,1,0
BRDA:325,23,0,0
BRDA:325,23,1,0
BRF:51
BRH:4
end_of_record
TN:
SF:D:\project\person\front-project\vue-ui-1.0\src\components\uploader\upload-helper.js
FN:25,_interopRequireDefault
FN:31,getType
FN:38,isObject
FN:41,assertTypeEqual
FN:45,getError
FN:60,getBody
FN:72,uploadHelper
FN:85,progress
FN:92,error
FN:95,onload
FN:120,loadImageAsync
FN:123,(anonymous_12)
FN:130,(anonymous_13)
FN:149,getFileType
FN:173,fileSizeToUnit
FN:197,isExceedSizeLimit
FN:213,IGuid
FN:214,(anonymous_18)
FN:222,IQuery
FN:233,objectToUrlParamsString
FN:240,(anonymous_21)
FNF:21
FNH:1
FNDA:2,_interopRequireDefault
FNDA:0,getType
FNDA:0,isObject
FNDA:0,assertTypeEqual
FNDA:0,getError
FNDA:0,getBody
FNDA:0,uploadHelper
FNDA:0,progress
FNDA:0,error
FNDA:0,onload
FNDA:0,loadImageAsync
FNDA:0,(anonymous_12)
FNDA:0,(anonymous_13)
FNDA:0,getFileType
FNDA:0,fileSizeToUnit
FNDA:0,isExceedSizeLimit
FNDA:0,IGuid
FNDA:0,(anonymous_18)
FNDA:0,IQuery
FNDA:0,objectToUrlParamsString
FNDA:0,(anonymous_21)
DA:3,1
DA:6,1
DA:8,1
DA:10,1
DA:12,1
DA:14,1
DA:16,1
DA:17,1
DA:18,1
DA:19,1
DA:20,1
DA:21,1
DA:22,1
DA:23,1
DA:25,2
DA:28,1
DA:29,1
DA:30,0
DA:31,0
DA:33,0
DA:34,0
DA:36,1
DA:37,0
DA:39,1
DA:40,0
DA:43,1
DA:44,0
DA:45,0
DA:46,0
DA:47,0
DA:48,0
DA:50,0
DA:52,0
DA:53,0
DA:54,0
DA:55,0
DA:56,0
DA:58,1
DA:59,0
DA:60,0
DA:61,0
DA:63,0
DA:64,0
DA:66,0
DA:70,1
DA:71,0
DA:72,0
DA:75,0
DA:76,0
DA:78,0
DA:79,0
DA:80,0
DA:81,0
DA:82,0
DA:83,0
DA:84,0
DA:85,0
DA:87,0
DA:90,0
DA:91,0
DA:93,0
DA:94,0
DA:95,0
DA:97,0
DA:100,0
DA:102,0
DA:103,0
DA:106,0
DA:108,0
DA:109,0
DA:110,0
DA:113,0
DA:114,0
DA:118,1
DA:119,0
DA:120,0
DA:121,0
DA:122,0
DA:128,0
DA:129,0
DA:133,1
DA:134,1
DA:135,1
DA:147,1
DA:148,0
DA:150,0
DA:151,0
DA:153,0
DA:154,0
DA:155,0
DA:157,0
DA:160,1
DA:161,1
DA:162,1
DA:163,1
DA:168,1
DA:169,1
DA:171,1
DA:172,0
DA:174,0
DA:175,0
DA:177,0
DA:178,0
DA:180,0
DA:181,0
DA:184,0
DA:185,0
DA:188,0
DA:189,0
DA:191,0
DA:195,1
DA:196,0
DA:197,0
DA:199,0
DA:200,0
DA:202,0
DA:203,0
DA:205,0
DA:206,0
DA:208,0
DA:211,1
DA:212,0
DA:213,0
DA:214,0
DA:215,0
DA:220,1
DA:221,0
DA:222,0
DA:224,0
DA:225,0
DA:226,0
DA:227,0
DA:231,1
DA:232,0
DA:234,0
DA:235,0
DA:237,0
DA:238,0
DA:239,0
DA:240,0
DA:242,0
DA:245,0
LF:142
LH:38
BRDA:26,1,0,2
BRDA:26,1,1,0
BRDA:26,2,0,2
BRDA:26,2,1,2
BRDA:32,3,0,0
BRDA:32,3,1,0
BRDA:32,4,0,0
BRDA:32,4,1,0
BRDA:33,5,0,0
BRDA:33,5,1,0
BRDA:39,6,0,0
BRDA:39,6,1,0
BRDA:39,7,0,0
BRDA:39,7,1,0
BRDA:47,8,0,0
BRDA:47,8,1,0
BRDA:48,9,0,0
BRDA:48,9,1,0
BRDA:49,10,0,0
BRDA:49,10,1,0
BRDA:61,11,0,0
BRDA:61,11,1,0
BRDA:62,12,0,0
BRDA:62,12,1,0
BRDA:73,13,0,0
BRDA:73,13,1,0
BRDA:77,14,0,0
BRDA:77,14,1,0
BRDA:84,15,0,0
BRDA:84,15,1,0
BRDA:86,16,0,0
BRDA:86,16,1,0
BRDA:96,17,0,0
BRDA:96,17,1,0
BRDA:96,18,0,0
BRDA:96,18,1,0
BRDA:104,19,0,0
BRDA:104,19,1,0
BRDA:104,20,0,0
BRDA:104,20,1,0
BRDA:108,21,0,0
BRDA:108,21,1,0
BRDA:111,22,0,0
BRDA:111,22,1,0
BRDA:111,23,0,0
BRDA:111,23,1,0
BRDA:150,24,0,0
BRDA:150,24,1,0
BRDA:150,25,0,0
BRDA:150,25,1,0
BRDA:152,26,0,0
BRDA:152,26,1,0
BRDA:156,27,0,0
BRDA:156,27,1,0
BRDA:174,28,0,0
BRDA:174,28,1,0
BRDA:174,29,0,0
BRDA:174,29,1,0
BRDA:176,30,0,0
BRDA:176,30,1,0
BRDA:179,31,0,0
BRDA:179,31,1,0
BRDA:182,32,0,0
BRDA:182,32,1,0
BRDA:186,33,0,0
BRDA:186,33,1,0
BRDA:190,34,0,0
BRDA:190,34,1,0
BRDA:198,35,0,0
BRDA:198,35,1,0
BRDA:198,36,0,0
BRDA:198,36,1,0
BRDA:199,37,0,0
BRDA:199,37,1,0
BRDA:199,38,0,0
BRDA:199,38,1,0
BRDA:201,39,0,0
BRDA:201,39,1,0
BRDA:204,40,0,0
BRDA:204,40,1,0
BRDA:207,41,0,0
BRDA:207,41,1,0
BRDA:216,42,0,0
BRDA:216,42,1,0
BRDA:223,43,0,0
BRDA:223,43,1,0
BRDA:228,44,0,0
BRDA:228,44,1,0
BRDA:234,45,0,0
BRDA:234,45,1,0
BRDA:234,46,0,0
BRDA:234,46,1,0
BRDA:236,47,0,0
BRDA:236,47,1,0
BRDA:241,48,0,0
BRDA:241,48,1,0
BRF:96
BRH:3
end_of_record
TN:
SF:D:\project\person\front-project\vue-ui-1.0\src\components\uploader\iframe-upload.vue
FN:30,data
FN:38,handleChange
FN:45,handleClick
FN:51,uploadFiles
FN:80,getFormNode
FN:83,getFormDataNode
FN:86,onload
FN:91,created
FN:94,mounted
FN:96,(anonymous_10)
FNF:10
FNH:0
FNDA:0,data
FNDA:0,handleChange
FNDA:0,handleClick
FNDA:0,uploadFiles
FNDA:0,getFormNode
FNDA:0,getFormDataNode
FNDA:0,onload
FNDA:0,created
FNDA:0,mounted
FNDA:0,(anonymous_10)
DA:0,1
DA:60,1
DA:85,0
DA:93,0
DA:94,0
DA:95,0
DA:99,0
DA:100,0
DA:101,0
DA:105,0
DA:106,0
DA:107,0
DA:108,0
DA:116,0
DA:117,0
DA:118,0
DA:120,0
DA:121,0
DA:122,0
DA:123,0
DA:126,0
DA:127,0
DA:128,0
DA:129,0
DA:130,0
DA:131,0
DA:134,0
DA:137,0
DA:141,0
DA:145,0
DA:148,0
DA:149,0
DA:150,0
DA:151,0
DA:152,0
DA:153,0
DA:154,0
DA:155,0
DA:156,0
DA:157,0
DA:159,0
DA:160,0
LF:42
LH:2
BRDA:41,1,0,0
BRDA:41,1,1,0
BRDA:46,2,0,0
BRDA:46,2,1,0
BRDA:52,3,0,0
BRDA:52,3,1,0
BRDA:64,4,0,0
BRDA:64,4,1,0
BRDA:69,5,0,0
BRDA:69,5,1,0
BRDA:96,6,0,0
BRDA:96,6,1,0
BRDA:97,7,0,0
BRDA:97,7,1,0
BRDA:99,8,0,0
BRDA:99,8,1,0
BRDA:101,9,0,0
BRDA:101,9,1,0
BRDA:103,10,0,0
BRDA:103,10,1,0
BRF:20
BRH:0
end_of_record
TN:
SF:D:\project\person\front-project\vue-ui-1.0\src\components\lazy\index.js
FN:11,_interopRequireDefault
FN:16,install
FNF:2
FNH:1
FNDA:1,_interopRequireDefault
FNDA:0,install
DA:3,1
DA:7,1
DA:9,1
DA:11,1
DA:13,1
DA:15,0
DA:17,0
DA:18,0
DA:19,0
DA:20,0
DA:22,0
LF:11
LH:5
BRDA:12,1,0,1
BRDA:12,1,1,0
BRDA:12,2,0,1
BRDA:12,2,1,1
BRDA:17,3,0,0
BRDA:17,3,1,0
BRDA:17,4,0,0
BRDA:17,4,1,0
BRDA:20,5,0,0
BRDA:20,5,1,0
BRF:10
BRH:3
end_of_record
TN:
SF:D:\project\person\front-project\vue-ui-1.0\src\components\lazy\lazy.js
FN:21,_interopRequireDefault
FN:28,(anonymous_2)
FN:29,(anonymous_3)
FN:30,_class
FN:52,add
FN:55,(anonymous_6)
FN:63,(anonymous_7)
FN:77,(anonymous_8)
FN:86,update
FN:90,(anonymous_10)
FN:95,(anonymous_11)
FN:103,remove
FN:105,(anonymous_13)
FN:117,_elRender
FN:145,_initEvent
FN:148,(anonymous_16)
FN:157,_lazyLoadHandler
FN:159,(anonymous_18)
FNF:18
FNH:1
FNDA:3,_interopRequireDefault
FNDA:0,(anonymous_2)
FNDA:0,(anonymous_3)
FNDA:0,_class
FNDA:0,add
FNDA:0,(anonymous_6)
FNDA:0,(anonymous_7)
FNDA:0,(anonymous_8)
FNDA:0,update
FNDA:0,(anonymous_10)
FNDA:0,(anonymous_11)
FNDA:0,remove
FNDA:0,(anonymous_13)
FNDA:0,_elRender
FNDA:0,_initEvent
FNDA:0,(anonymous_16)
FNDA:0,_lazyLoadHandler
FNDA:0,(anonymous_18)
DA:3,1
DA:7,1
DA:9,1
DA:11,1
DA:13,1
DA:15,1
DA:17,1
DA:19,1
DA:21,3
DA:23,1
DA:24,1
DA:26,1
DA:27,0
DA:28,1
DA:29,0
DA:33,0
DA:35,0
DA:36,0
DA:37,0
DA:39,0
DA:40,0
DA:42,0
DA:43,0
DA:48,0
DA:51,0
DA:53,0
DA:54,0
DA:56,0
DA:57,0
DA:60,0
DA:61,0
DA:62,0
DA:72,0
DA:74,0
DA:75,0
DA:76,0
DA:85,0
DA:87,0
DA:88,0
DA:89,0
DA:91,0
DA:92,0
DA:93,0
DA:94,0
DA:102,0
DA:103,0
DA:104,0
DA:106,0
DA:107,0
DA:108,0
DA:116,0
DA:117,0
DA:120,0
DA:121,0
DA:123,0
DA:124,0
DA:126,0
DA:127,0
DA:129,0
DA:130,0
DA:132,0
DA:133,0
DA:134,0
DA:135,0
DA:137,0
DA:144,0
DA:146,0
DA:148,0
DA:156,0
DA:157,0
DA:158,0
DA:159,0
DA:162,0
DA:163,0
DA:167,0
LF:75
LH:13
BRDA:22,1,0,3
BRDA:22,1,1,0
BRDA:22,2,0,3
BRDA:22,2,1,3
BRDA:37,3,0,0
BRDA:37,3,1,0
BRDA:38,4,0,0
BRDA:38,4,1,0
BRDA:39,5,0,0
BRDA:39,5,1,0
BRDA:42,6,0,0
BRDA:42,6,1,0
BRDA:55,7,0,0
BRDA:55,7,1,0
BRDA:93,8,0,0
BRDA:93,8,1,0
BRDA:104,9,0,0
BRDA:104,9,1,0
BRDA:108,10,0,0
BRDA:108,10,1,0
BRDA:110,11,0,0
BRDA:110,11,1,0
BRDA:118,12,0,0
BRDA:118,12,1,0
BRDA:123,13,0,0
BRDA:123,13,1,0
BRDA:123,13,2,0
BRDA:134,14,0,0
BRDA:134,14,1,0
BRDA:136,15,0,0
BRDA:136,15,1,0
BRDA:160,16,0,0
BRDA:160,16,1,0
BRDA:160,17,0,0
BRDA:160,17,1,0
BRDA:165,18,0,0
BRDA:165,18,1,0
BRF:37
BRH:3
end_of_record
TN:
SF:D:\project\person\front-project\vue-ui-1.0\src\components\lazy\listener.js
FN:17,_interopRequireDefault
FN:23,(anonymous_2)
FN:24,_class
FN:49,render
FN:57,renderLoading
FN:61,(anonymous_6)
FN:64,(anonymous_7)
FN:75,load
FN:81,(anonymous_9)
FN:82,(anonymous_10)
FN:90,(anonymous_11)
FN:105,getRect
FN:113,checkInView
FN:121,initState
FN:132,update
FN:143,destroy
FNF:16
FNH:2
FNDA:2,_interopRequireDefault
FNDA:1,(anonymous_2)
FNDA:0,_class
FNDA:0,render
FNDA:0,renderLoading
FNDA:0,(anonymous_6)
FNDA:0,(anonymous_7)
FNDA:0,load
FNDA:0,(anonymous_9)
FNDA:0,(anonymous_10)
FNDA:0,(anonymous_11)
FNDA:0,getRect
FNDA:0,checkInView
FNDA:0,initState
FNDA:0,update
FNDA:0,destroy
DA:3,1
DA:7,1
DA:9,1
DA:11,1
DA:13,1
DA:15,1
DA:17,2
DA:19,1
DA:21,1
DA:22,1
DA:23,0
DA:29,0
DA:31,0
DA:32,0
DA:33,0
DA:34,0
DA:35,0
DA:36,0
DA:37,0
DA:38,0
DA:39,0
DA:40,0
DA:45,1
DA:48,0
DA:56,0
DA:58,0
DA:59,0
DA:60,0
DA:61,0
DA:63,0
DA:64,0
DA:66,0
DA:74,0
DA:76,0
DA:77,0
DA:79,0
DA:80,0
DA:81,0
DA:82,0
DA:83,0
DA:84,0
DA:85,0
DA:86,0
DA:87,0
DA:89,0
DA:90,0
DA:92,0
DA:93,0
DA:94,0
DA:95,0
DA:105,0
DA:112,0
DA:113,0
DA:120,0
DA:131,0
DA:132,0
DA:133,0
DA:134,0
DA:142,0
DA:143,0
DA:144,0
DA:145,0
DA:146,0
DA:147,0
DA:150,1
DA:153,1
LF:66
LH:13
BRDA:18,1,0,2
BRDA:18,1,1,0
BRDA:18,2,0,2
BRDA:18,2,1,2
BRDA:65,3,0,0
BRDA:65,3,1,0
BRDA:78,4,0,0
BRDA:78,4,1,0
BRDA:78,5,0,0
BRDA:78,5,1,0
BRDA:91,6,0,0
BRDA:91,6,1,0
BRDA:115,7,0,0
BRDA:115,7,1,0
BRDA:115,7,2,0
BRDA:115,7,3,0
BRDA:134,8,0,0
BRDA:134,8,1,0
BRF:18
BRH:3
end_of_record
TN:
SF:D:\project\person\front-project\vue-ui-1.0\src\components\theme-chalk\src\style\font\iconfont.js
FN:3,(anonymous_1)
FN:4,(anonymous_2)
FN:6,ready
FN:11,loadFn
FN:17,IEContentLoaded
FN:20,init
FN:24,polling
FN:30,(anonymous_8)
FN:36,before
FN:38,prepend
FN:44,appendSvg
FNF:11
FNH:7
FNDA:1,(anonymous_1)
FNDA:1,(anonymous_2)
FNDA:1,ready
FNDA:1,loadFn
FNDA:0,IEContentLoaded
FNDA:0,init
FNDA:0,polling
FNDA:0,(anonymous_8)
FNDA:1,before
FNDA:1,prepend
FNDA:1,appendSvg
DA:3,1
DA:4,1
DA:5,1
DA:6,1
DA:7,1
DA:8,1
DA:9,0
DA:11,1
DA:12,1
DA:13,1
DA:15,0
DA:16,0
DA:17,1
DA:18,0
DA:21,0
DA:22,0
DA:24,0
DA:25,0
DA:26,0
DA:28,0
DA:29,0
DA:30,0
DA:31,0
DA:32,0
DA:36,1
DA:37,1
DA:38,1
DA:39,1
DA:40,1
DA:42,0
DA:44,1
DA:45,1
DA:46,1
DA:48,1
DA:49,0
DA:50,0
DA:52,0
DA:54,1
LF:38
LH:20
BRDA:7,1,0,1
BRDA:7,1,1,0
BRDA:8,2,0,0
BRDA:8,2,1,1
BRDA:15,3,0,0
BRDA:15,3,1,0
BRDA:21,4,0,0
BRDA:21,4,1,0
BRDA:31,5,0,0
BRDA:31,5,1,0
BRDA:39,6,0,1
BRDA:39,6,1,0
BRDA:45,7,0,1
BRDA:45,7,1,0
BRDA:48,8,0,0
BRDA:48,8,1,1
BRDA:48,9,0,1
BRDA:48,9,1,0
BRDA:52,10,0,0
BRDA:52,10,1,0
BRF:20
BRH:6
end_of_record
TN:
SF:D:\project\person\front-project\vue-ui-1.0\src\components\uploader\ajax.js
FN:7,getError
FN:22,getBody
FN:34,upload
FN:43,progress
FN:50,error
FN:53,onload
FNF:6
FNH:0
FNDA:0,getError
FNDA:0,getBody
FNDA:0,upload
FNDA:0,progress
FNDA:0,error
FNDA:0,onload
DA:3,1
DA:6,1
DA:7,1
DA:8,0
DA:9,0
DA:10,0
DA:11,0
DA:12,0
DA:14,0
DA:16,0
DA:17,0
DA:18,0
DA:19,0
DA:20,0
DA:22,1
DA:23,0
DA:24,0
DA:25,0
DA:27,0
DA:28,0
DA:30,0
DA:34,1
DA:35,0
DA:36,0
DA:38,0
DA:39,0
DA:40,0
DA:41,0
DA:42,0
DA:43,0
DA:44,0
DA:45,0
DA:47,0
DA:50,0
DA:51,0
DA:53,0
DA:54,0
DA:55,0
DA:57,0
DA:60,0
DA:62,0
DA:63,0
DA:66,0
DA:68,0
DA:69,0
DA:70,0
DA:73,0
DA:74,0
LF:48
LH:5
BRDA:9,1,0,0
BRDA:9,1,1,0
BRDA:10,2,0,0
BRDA:10,2,1,0
BRDA:11,3,0,0
BRDA:11,3,1,0
BRDA:23,4,0,0
BRDA:23,4,1,0
BRDA:24,5,0,0
BRDA:24,5,1,0
BRDA:35,6,0,0
BRDA:35,6,1,0
BRDA:42,7,0,0
BRDA:42,7,1,0
BRDA:44,8,0,0
BRDA:44,8,1,0
BRDA:54,9,0,0
BRDA:54,9,1,0
BRDA:54,10,0,0
BRDA:54,10,1,0
BRDA:62,11,0,0
BRDA:62,11,1,0
BRDA:62,12,0,0
BRDA:62,12,1,0
BRDA:66,13,0,0
BRDA:66,13,1,0
BRDA:69,14,0,0
BRDA:69,14,1,0
BRDA:69,15,0,0
BRDA:69,15,1,0
BRF:30
BRH:0
end_of_record
TN:
SF:D:\project\person\front-project\vue-ui-1.0\src\pages\index.js
FN:96,_interopRequireDefault
FNF:1
FNH:1
FNDA:22,_interopRequireDefault
DA:3,1
DA:6,1
DA:8,1
DA:10,1
DA:12,1
DA:14,1
DA:16,1
DA:18,1
DA:20,1
DA:22,1
DA:24,1
DA:26,1
DA:28,1
DA:30,1
DA:32,1
DA:34,1
DA:36,1
DA:38,1
DA:40,1
DA:42,1
DA:44,1
DA:46,1
DA:48,1
DA:50,1
DA:52,1
DA:54,1
DA:56,1
DA:58,1
DA:60,1
DA:62,1
DA:64,1
DA:66,1
DA:68,1
DA:70,1
DA:72,1
DA:74,1
DA:76,1
DA:78,1
DA:80,1
DA:82,1
DA:84,1
DA:86,1
DA:88,1
DA:90,1
DA:92,1
DA:94,1
DA:96,22
DA:98,1
DA:101,1
DA:102,1
DA:105,1
LF:51
LH:51
BRDA:97,1,0,0
BRDA:97,1,1,22
BRDA:97,2,0,22
BRDA:97,2,1,22
BRF:4
BRH:3
end_of_record
TN:
SF:D:\project\person\front-project\vue-ui-1.0\src\pages\DxSelectPage.vue
FN:46,data
FN:60,created
FNF:2
FNH:0
FNDA:0,data
FNDA:0,created
DA:0,1
DA:42,0
DA:66,0
DA:70,0
DA:80,0
DA:84,0
LF:6
LH:1
BRF:0
BRH:0
end_of_record
TN:
SF:D:\project\person\front-project\vue-ui-1.0\src\pages\DxRadioPage.vue
FN:49,data
FN:76,created
FNF:2
FNH:0
FNDA:0,data
FNDA:0,created
DA:0,1
DA:45,0
DA:77,0
DA:81,0
LF:4
LH:1
BRF:0
BRH:0
end_of_record
TN:
SF:D:\project\person\front-project\vue-ui-1.0\src\pages\DxTablePage.vue
FN:169,data
FN:286,handleEdit
FN:289,handleDelete
FN:293,created
FNF:4
FNH:0
FNDA:0,data
FNDA:0,handleEdit
FNDA:0,handleDelete
FNDA:0,created
DA:0,1
DA:165,0
DA:325,0
DA:328,0
DA:332,0
DA:341,0
DA:354,0
DA:363,0
DA:373,0
DA:382,0
DA:392,0
DA:405,0
LF:12
LH:1
BRF:0
BRH:0
end_of_record
TN:
SF:D:\project\person\front-project\vue-ui-1.0\src\pages\DxButtonPage.vue
FN:84,data
FN:118,created
FNF:2
FNH:0
FNDA:0,data
FNDA:0,created
DA:0,1
DA:80,0
DA:120,0
DA:128,0
DA:134,0
DA:139,0
DA:145,0
LF:7
LH:1
BRF:0
BRH:0
end_of_record
TN:
SF:D:\project\person\front-project\vue-ui-1.0\src\pages\DxNavPage.vue
FN:39,data
FN:57,created
FNF:2
FNH:0
FNDA:0,data
FNDA:0,created
DA:0,1
DA:35,0
DA:71,0
DA:74,0
LF:4
LH:1
BRF:0
BRH:0
end_of_record
TN:
SF:D:\project\person\front-project\vue-ui-1.0\src\pages\DxInputPage.vue
FN:59,data
FN:98,created
FNF:2
FNH:0
FNDA:0,data
FNDA:0,created
DA:0,1
DA:55,0
DA:101,0
DA:109,0
DA:112,0
LF:5
LH:1
BRF:0
BRH:0
end_of_record
TN:
SF:D:\project\person\front-project\vue-ui-1.0\src\pages\DxPaginationPage.vue
FN:71,data
FN:78,created
FNF:2
FNH:0
FNDA:0,data
FNDA:0,created
DA:0,1
DA:67,0
DA:85,0
DA:88,0
DA:91,0
DA:94,0
LF:6
LH:1
BRF:0
BRH:0
end_of_record
TN:
SF:D:\project\person\front-project\vue-ui-1.0\src\pages\DxFormPage.vue
FN:15,_interopRequireDefault
FN:117,data
FN:199,submit
FN:202,(anonymous_4)
FN:203,_callee
FN:204,_callee$
FN:232,(anonymous_7)
FN:238,created
FNF:8
FNH:1
FNDA:2,_interopRequireDefault
FNDA:0,data
FNDA:0,submit
FNDA:0,(anonymous_4)
FNDA:0,_callee
FNDA:0,_callee$
FNDA:0,(anonymous_7)
FNDA:0,created
DA:0,2
DA:102,0
DA:198,0
DA:199,0
DA:200,0
DA:202,0
DA:204,0
DA:205,0
DA:213,0
DA:263,0
LF:10
LH:1
BRDA:15,1,0,1
BRDA:15,1,1,1
BRDA:15,2,0,2
BRDA:15,2,1,2
BRDA:206,3,0,0
BRDA:206,3,1,0
BRDA:206,3,2,0
BRDA:206,3,3,0
BRDA:210,4,0,0
BRDA:210,4,1,0
BRF:10
BRH:4
end_of_record
TN:
SF:D:\project\person\front-project\vue-ui-1.0\src\pages\DxCarouselPage.vue
FN:23,_interopRequireDefault
FN:57,data
FN:85,created
FNF:3
FNH:1
FNDA:4,_interopRequireDefault
FNDA:0,data
FNDA:0,created
DA:0,4
DA:32,1
DA:33,1
DA:34,1
DA:35,1
DA:39,0
DA:78,0
DA:81,0
LF:8
LH:5
BRDA:23,1,0,0
BRDA:23,1,1,4
BRDA:23,2,0,4
BRDA:23,2,1,4
BRF:4
BRH:4
end_of_record
TN:
SF:D:\project\person\front-project\vue-ui-1.0\src\pages\DxNotifyPage.vue
FN:11,_interopRequireDefault
FN:14,data
FN:42,created
FN:51,open
FN:57,open1
FN:64,open2
FN:71,open3
FNF:7
FNH:1
FNDA:1,_interopRequireDefault
FNDA:0,data
FNDA:0,created
FNDA:0,open
FNDA:0,open1
FNDA:0,open2
FNDA:0,open3
DA:0,1
DA:42,1
DA:45,0
DA:78,0
DA:81,0
DA:105,0
DA:109,0
DA:122,0
DA:128,0
DA:129,0
DA:135,0
DA:142,0
LF:12
LH:2
BRDA:11,1,0,0
BRDA:11,1,1,1
BRDA:11,2,0,1
BRDA:11,2,1,1
BRF:4
BRH:4
end_of_record
TN:
SF:D:\project\person\front-project\vue-ui-1.0\src\pages\DxProgessPage.vue
FN:62,data
FN:113,created
FNF:2
FNH:0
FNDA:0,data
FNDA:0,created
DA:0,1
DA:58,0
DA:117,0
DA:123,0
DA:129,0
LF:5
LH:1
BRF:0
BRH:0
end_of_record
TN:
SF:D:\project\person\front-project\vue-ui-1.0\src\pages\DxUploadPage.vue
FN:68,data
FN:157,beforeUpload
FN:162,created
FNF:3
FNH:0
FNDA:0,data
FNDA:0,beforeUpload
FNDA:0,created
DA:0,1
DA:64,0
DA:166,0
DA:167,0
DA:172,0
DA:180,0
LF:6
LH:1
BRF:0
BRH:0
end_of_record
TN:
SF:D:\project\person\front-project\vue-ui-1.0\src\pages\DxCalenderPage.vue
FN:39,data
FN:52,created
FNF:2
FNH:0
FNDA:0,data
FNDA:0,created
DA:0,1
DA:35,0
DA:51,0
DA:54,0
LF:4
LH:1
BRF:0
BRH:0
end_of_record
TN:
SF:D:\project\person\front-project\vue-ui-1.0\src\pages\DxMessageBoxPage.vue
FN:53,data
FN:114,created
FN:125,openMessageBox
FN:130,openMessageBox1
FN:137,openMessageBox2
FNF:5
FNH:0
FNDA:0,data
FNDA:0,created
FNDA:0,openMessageBox
FNDA:0,openMessageBox1
FNDA:0,openMessageBox2
DA:0,1
DA:49,0
DA:121,0
DA:124,0
DA:133,0
DA:136,0
DA:150,0
DA:153,0
DA:167,0
DA:172,0
DA:173,0
DA:182,0
LF:12
LH:1
BRF:0
BRH:0
end_of_record
TN:
SF:D:\project\person\front-project\vue-ui-1.0\src\pages\DxCheckboxPage.vue
FN:71,data
FN:113,created
FNF:2
FNH:0
FNDA:0,data
FNDA:0,created
DA:0,1
DA:67,0
DA:116,0
DA:124,0
DA:132,0
DA:139,0
LF:6
LH:1
BRF:0
BRH:0
end_of_record
TN:
SF:D:\project\person\front-project\vue-ui-1.0\src\pages\DxMessagePage.vue
FN:11,_interopRequireDefault
FN:14,data
FN:35,created
FN:44,openMessage
FN:49,openMessage1
FN:55,openMessage2
FN:61,openMessage3
FN:67,openMessage4
FN:74,openMessage5
FN:79,openMessage6
FN:84,openMessage7
FNF:11
FNH:1
FNDA:1,_interopRequireDefault
FNDA:0,data
FNDA:0,created
FNDA:0,openMessage
FNDA:0,openMessage1
FNDA:0,openMessage2
FNDA:0,openMessage3
FNDA:0,openMessage4
FNDA:0,openMessage5
FNDA:0,openMessage6
FNDA:0,openMessage7
DA:0,1
DA:46,1
DA:49,0
DA:74,0
DA:80,0
DA:107,0
DA:112,0
DA:132,0
DA:137,0
DA:143,0
DA:149,0
DA:155,0
DA:156,0
DA:162,0
DA:167,0
DA:172,0
LF:16
LH:2
BRDA:11,1,0,0
BRDA:11,1,1,1
BRDA:11,2,0,1
BRDA:11,2,1,1
BRF:4
BRH:4
end_of_record
TN:
SF:D:\project\person\front-project\vue-ui-1.0\src\pages\DxIndicatorPage.vue
FN:39,data
FN:58,created
FN:65,openIndicator
FN:71,(anonymous_4)
FNF:4
FNH:0
FNDA:0,data
FNDA:0,created
FNDA:0,openIndicator
FNDA:0,(anonymous_4)
DA:0,1
DA:35,0
DA:58,0
DA:61,0
DA:75,0
DA:76,0
DA:79,0
DA:80,0
LF:8
LH:1
BRF:0
BRH:0
end_of_record
TN:
SF:D:\project\person\front-project\vue-ui-1.0\src\pages\DxRatePage.vue
FN:73,data
FN:103,created
FN:112,change
FNF:3
FNH:0
FNDA:0,data
FNDA:0,created
FNDA:0,change
DA:0,1
DA:69,0
DA:105,0
DA:108,0
DA:111,0
DA:114,0
DA:120,0
LF:7
LH:1
BRF:0
BRH:0
end_of_record
TN:
SF:D:\project\person\front-project\vue-ui-1.0\src\pages\DxTabsPage.vue
FN:52,data
FN:87,tabClick
FN:91,created
FNF:3
FNH:0
FNDA:0,data
FNDA:0,tabClick
FNDA:0,created
DA:0,1
DA:48,0
DA:87,0
DA:92,0
DA:95,0
LF:5
LH:1
BRF:0
BRH:0
end_of_record
TN:
SF:D:\project\person\front-project\vue-ui-1.0\src\pages\components\dx-heading.vue
FN:10,render
FNF:1
FNH:0
FNDA:0,render
DA:0,1
DA:7,0
DA:8,0
LF:3
LH:1
BRDA:11,1,0,0
BRDA:11,1,1,0
BRF:2
BRH:0
end_of_record
TN:
SF:D:\project\person\front-project\vue-ui-1.0\src\pages\components\dx-show-code.vue
FN:11,_interopRequireDefault
FN:15,data
FN:27,formatHtml
FN:30,formatScript
FN:33,formatStyle
FN:36,statusText
FNF:6
FNH:1
FNDA:1,_interopRequireDefault
FNDA:0,data
FNDA:0,formatHtml
FNDA:0,formatScript
FNDA:0,formatStyle
FNDA:0,statusText
DA:0,1
DA:17,1
DA:21,0
DA:32,0
DA:35,0
DA:38,0
DA:41,0
DA:42,0
DA:44,0
LF:9
LH:2
BRDA:11,1,0,1
BRDA:11,1,1,0
BRDA:11,2,0,1
BRDA:11,2,1,1
BRDA:28,3,0,0
BRDA:28,3,1,0
BRDA:31,4,0,0
BRDA:31,4,1,0
BRDA:34,5,0,0
BRDA:34,5,1,0
BRDA:37,6,0,0
BRDA:37,6,1,0
BRF:12
BRH:4
end_of_record
TN:
SF:D:\project\person\front-project\vue-ui-1.0\src\utils\parseCode.js
FN:7,repeatN
FN:22,genWrapTag
FN:33,formatHtmlCode
FN:42,(anonymous_4)
FN:73,genWrapSptAndStyTag
FN:78,formatSptAndStyCode
FN:91,(anonymous_7)
FN:127,formatCode
FNF:8
FNH:0
FNDA:0,repeatN
FNDA:0,genWrapTag
FNDA:0,formatHtmlCode
FNDA:0,(anonymous_4)
FNDA:0,genWrapSptAndStyTag
FNDA:0,formatSptAndStyCode
FNDA:0,(anonymous_7)
FNDA:0,formatCode
DA:0,1
DA:3,1
DA:7,1
DA:8,0
DA:10,0
DA:11,0
DA:12,0
DA:13,0
DA:15,0
DA:16,0
DA:18,0
DA:20,0
DA:22,1
DA:23,0
DA:25,0
DA:31,1
DA:33,1
DA:35,0
DA:36,0
DA:38,0
DA:39,0
DA:40,0
DA:41,0
DA:42,0
DA:43,0
DA:44,0
DA:47,0
DA:48,0
DA:49,0
DA:51,0
DA:53,0
DA:54,0
DA:55,0
DA:56,0
DA:57,0
DA:59,0
DA:60,0
DA:61,0
DA:65,0
DA:66,0
DA:67,0
DA:69,0
DA:72,1
DA:73,1
DA:74,0
DA:76,0
DA:78,1
DA:80,0
DA:81,0
DA:82,0
DA:83,0
DA:84,0
DA:85,0
DA:86,0
DA:87,0
DA:88,0
DA:89,0
DA:91,0
DA:93,0
DA:95,0
DA:96,0
DA:97,0
DA:98,0
DA:99,0
DA:100,0
DA:101,0
DA:102,0
DA:103,0
DA:104,0
DA:106,0
DA:110,0
DA:111,0
DA:113,0
DA:115,0
DA:116,0
DA:117,0
DA:119,0
DA:120,0
DA:123,1
DA:127,1
DA:128,0
DA:130,1
LF:82
LH:12
BRDA:8,1,0,0
BRDA:8,1,1,0
BRDA:8,2,0,0
BRDA:8,2,1,0
BRDA:12,3,0,0
BRDA:12,3,1,0
BRDA:15,4,0,0
BRDA:15,4,1,0
BRDA:25,5,0,0
BRDA:25,5,1,0
BRDA:43,6,0,0
BRDA:43,6,1,0
BRDA:44,7,0,0
BRDA:44,7,1,0
BRDA:47,8,0,0
BRDA:47,8,1,0
BRDA:49,9,0,0
BRDA:49,9,1,0
BRDA:56,10,0,0
BRDA:56,10,1,0
BRDA:56,11,0,0
BRDA:56,11,1,0
BRDA:65,12,0,0
BRDA:65,12,1,0
BRDA:97,13,0,0
BRDA:97,13,1,0
BRDA:102,14,0,0
BRDA:102,14,1,0
BRDA:102,15,0,0
BRDA:102,15,1,0
BRDA:110,16,0,0
BRDA:110,16,1,0
BRDA:110,17,0,0
BRDA:110,17,1,0
BRDA:115,18,0,0
BRDA:115,18,1,0
BRF:36
BRH:0
end_of_record
TN:
SF:D:\project\person\front-project\vue-ui-1.0\src\pages\Home.vue
FN:10,data
FNF:1
FNH:0
FNDA:0,data
DA:0,1
DA:31,1
DA:38,0
LF:3
LH:2
BRF:0
BRH:0
end_of_record
TN:
SF:D:\project\person\front-project\vue-ui-1.0\src\router\router.js
FN:21,_interopRequireDefault
FNF:1
FNH:1
FNDA:3,_interopRequireDefault
DA:3,1
DA:7,1
DA:9,1
DA:11,1
DA:13,1
DA:15,1
DA:17,1
DA:19,1
DA:21,3
DA:24,1
DA:25,1
LF:11
LH:11
BRDA:22,1,0,2
BRDA:22,1,1,1
BRDA:22,2,0,3
BRDA:22,2,1,3
BRF:4
BRH:4
end_of_record
TN:
SF:D:\project\person\front-project\vue-ui-1.0\src\utils\clickoutside.js
FN:16,(anonymous_1)
FN:19,(anonymous_2)
FN:20,(anonymous_3)
FN:27,bind
FN:30,handler
FN:53,update
FN:58,unbind
FNF:7
FNH:0
FNDA:0,(anonymous_1)
FNDA:0,(anonymous_2)
FNDA:0,(anonymous_3)
FNDA:0,bind
FNDA:0,handler
FNDA:0,update
FNDA:0,unbind
DA:0,1
DA:3,1
DA:7,1
DA:13,1
DA:16,1
DA:17,0
DA:19,1
DA:20,0
DA:21,0
DA:25,1
DA:28,0
DA:30,0
DA:31,0
DA:32,0
DA:34,0
DA:37,0
DA:40,0
DA:41,0
DA:43,0
DA:46,0
DA:54,0
DA:55,0
DA:59,0
DA:60,0
DA:61,0
DA:62,0
LF:26
LH:7
BRDA:31,1,0,0
BRDA:31,1,1,0
BRDA:31,2,0,0
BRDA:31,2,1,0
BRDA:32,3,0,0
BRDA:32,3,1,0
BRDA:32,4,0,0
BRDA:32,4,1,0
BRDA:34,5,0,0
BRDA:34,5,1,0
BRDA:34,6,0,0
BRDA:34,6,1,0
BRDA:34,6,2,0
BRDA:34,6,3,0
BRDA:34,6,4,0
BRDA:34,6,5,0
BRDA:34,6,6,0
BRDA:34,6,7,0
BRDA:34,6,8,0
BRDA:40,7,0,0
BRDA:40,7,1,0
BRDA:40,8,0,0
BRDA:40,8,1,0
BRDA:40,8,2,0
BRDA:43,9,0,0
BRDA:43,9,1,0
BRDA:60,10,0,0
BRDA:60,10,1,0
BRF:28
BRH:0
end_of_record
TN:
SF:D:\project\person\front-project\vue-ui-1.0\src\utils\dom.js
FN:7,(anonymous_1)
FN:9,(anonymous_2)
FN:13,(anonymous_3)
FN:17,(anonymous_4)
FN:22,(anonymous_5)
FN:24,(anonymous_6)
FN:28,(anonymous_7)
FN:32,(anonymous_8)
FN:38,merge
FNF:9
FNH:3
FNDA:1,(anonymous_1)
FNDA:2,(anonymous_2)
FNDA:0,(anonymous_3)
FNDA:0,(anonymous_4)
FNDA:1,(anonymous_5)
FNDA:0,(anonymous_6)
FNDA:0,(anonymous_7)
FNDA:0,(anonymous_8)
FNDA:0,merge
DA:3,1
DA:7,1
DA:8,1
DA:9,1
DA:10,2
DA:12,0
DA:13,0
DA:14,0
DA:17,0
DA:18,0
DA:22,1
DA:23,1
DA:24,1
DA:25,0
DA:27,0
DA:28,0
DA:29,0
DA:32,0
DA:33,0
DA:38,1
DA:39,0
DA:40,0
DA:43,0
DA:45,0
DA:46,0
DA:47,0
DA:48,0
DA:49,0
DA:50,0
DA:55,0
LF:30
LH:9
BRDA:8,1,0,1
BRDA:8,1,1,0
BRDA:12,2,0,0
BRDA:12,2,1,0
BRDA:23,3,0,1
BRDA:23,3,1,0
BRDA:27,4,0,0
BRDA:27,4,1,0
BRDA:43,5,0,0
BRDA:43,5,1,0
BRDA:43,6,0,0
BRDA:43,6,1,0
BRDA:47,7,0,0
BRDA:47,7,1,0
BRDA:49,8,0,0
BRDA:49,8,1,0
BRF:16
BRH:2
end_of_record
TN:
SF:D:\project\person\front-project\vue-ui-1.0\src\utils\contains.js
FN:6,contains
FNF:1
FNH:0
FNDA:0,contains
DA:3,1
DA:6,1
DA:9,0
DA:10,0
DA:12,0
DA:13,0
DA:15,0
DA:16,0
DA:18,0
DA:19,0
DA:21,0
DA:22,0
DA:23,0
DA:24,0
DA:26,0
DA:28,0
DA:30,1
LF:17
LH:3
BRDA:9,1,0,0
BRDA:9,1,1,0
BRDA:12,2,0,0
BRDA:12,2,1,0
BRDA:12,3,0,0
BRDA:12,3,1,0
BRDA:12,3,2,0
BRDA:15,4,0,0
BRDA:15,4,1,0
BRDA:18,5,0,0
BRDA:18,5,1,0
BRDA:22,6,0,0
BRDA:22,6,1,0
BRDA:23,7,0,0
BRDA:23,7,1,0
BRF:15
BRH:0
end_of_record
